TN:
SF:src\adapters\generic-adapter.ts
FN:26,(anonymous_0)
FN:29,(anonymous_1)
FN:32,(anonymous_2)
FN:58,(anonymous_3)
FN:63,(anonymous_4)
FN:68,(anonymous_5)
FN:76,(anonymous_6)
FN:79,(anonymous_7)
FN:80,(anonymous_8)
FN:81,(anonymous_9)
FN:83,(anonymous_10)
FN:97,(anonymous_11)
FN:99,(anonymous_12)
FN:99,(anonymous_13)
FN:105,(anonymous_14)
FNF:15
FNH:0
FNDA:0,(anonymous_0)
FNDA:0,(anonymous_1)
FNDA:0,(anonymous_2)
FNDA:0,(anonymous_3)
FNDA:0,(anonymous_4)
FNDA:0,(anonymous_5)
FNDA:0,(anonymous_6)
FNDA:0,(anonymous_7)
FNDA:0,(anonymous_8)
FNDA:0,(anonymous_9)
FNDA:0,(anonymous_10)
FNDA:0,(anonymous_11)
FNDA:0,(anonymous_12)
FNDA:0,(anonymous_13)
FNDA:0,(anonymous_14)
DA:26,0
DA:30,0
DA:32,0
DA:45,0
DA:60,0
DA:64,0
DA:68,0
DA:69,0
DA:71,0
DA:72,0
DA:76,0
DA:77,0
DA:79,0
DA:80,0
DA:81,0
DA:82,0
DA:83,0
DA:85,0
DA:97,0
DA:98,0
DA:99,0
DA:100,0
DA:101,0
DA:105,0
DA:106,0
DA:107,0
DA:108,0
DA:109,0
LF:28
LH:0
BRDA:39,0,0,0
BRDA:39,0,1,0
BRDA:40,1,0,0
BRDA:40,1,1,0
BRDA:42,2,0,0
BRDA:42,2,1,0
BRDA:71,3,0,0
BRDA:71,3,1,0
BRDA:77,4,0,0
BRDA:77,4,1,0
BRDA:83,5,0,0
BRDA:83,5,1,0
BRDA:86,6,0,0
BRDA:86,6,1,0
BRDA:87,7,0,0
BRDA:87,7,1,0
BRDA:98,8,0,0
BRDA:98,8,1,0
BRDA:101,9,0,0
BRDA:101,9,1,0
BRDA:106,10,0,0
BRDA:106,10,1,0
BRDA:107,11,0,0
BRDA:107,11,1,0
BRDA:107,12,0,0
BRDA:107,12,1,0
BRDA:107,12,2,0
BRDA:108,13,0,0
BRDA:108,13,1,0
BRDA:108,14,0,0
BRDA:108,14,1,0
BRDA:108,14,2,0
BRF:32
BRH:0
end_of_record
TN:
SF:src\adapters\magic-adapter.ts
FN:20,(anonymous_0)
FN:27,(anonymous_1)
FN:33,(anonymous_2)
FN:40,(anonymous_3)
FN:60,(anonymous_4)
FN:68,(anonymous_5)
FN:71,(anonymous_6)
FN:79,(anonymous_7)
FN:87,(anonymous_8)
FNF:9
FNH:6
FNDA:6,(anonymous_0)
FNDA:6,(anonymous_1)
FNDA:6,(anonymous_2)
FNDA:6,(anonymous_3)
FNDA:0,(anonymous_4)
FNDA:0,(anonymous_5)
FNDA:0,(anonymous_6)
FNDA:6,(anonymous_7)
FNDA:6,(anonymous_8)
DA:20,6
DA:27,1
DA:28,6
DA:30,6
DA:34,6
DA:35,0
DA:38,6
DA:40,6
DA:51,6
DA:60,0
DA:69,0
DA:70,0
DA:71,0
DA:74,0
DA:76,0
DA:80,6
DA:81,6
DA:82,6
DA:87,1
DA:88,6
DA:89,6
DA:90,6
DA:91,6
LF:23
LH:16
BRDA:34,0,0,0
BRDA:34,0,1,6
BRDA:40,1,0,6
BRDA:40,1,1,0
BRDA:42,2,0,6
BRDA:42,2,1,0
BRDA:43,3,0,6
BRDA:43,3,1,6
BRDA:44,4,0,6
BRDA:44,4,1,0
BRDA:45,5,0,6
BRDA:45,5,1,6
BRDA:46,6,0,6
BRDA:46,6,1,6
BRDA:47,7,0,6
BRDA:47,7,1,6
BRDA:48,8,0,6
BRDA:48,8,1,6
BRDA:52,9,0,6
BRDA:52,9,1,6
BRDA:53,10,0,6
BRDA:53,10,1,6
BRDA:54,11,0,6
BRDA:54,11,1,6
BRDA:54,11,2,6
BRDA:55,12,0,6
BRDA:55,12,1,6
BRDA:55,12,2,6
BRDA:56,13,0,6
BRDA:56,13,1,6
BRDA:56,13,2,6
BRDA:57,14,0,6
BRDA:57,14,1,6
BRDA:58,15,0,6
BRDA:58,15,1,6
BRDA:60,16,0,6
BRDA:60,16,1,6
BRDA:62,17,0,0
BRDA:62,17,1,0
BRDA:63,18,0,0
BRDA:63,18,1,0
BRDA:70,19,0,0
BRDA:70,19,1,0
BRDA:71,20,0,0
BRDA:71,20,1,0
BRDA:74,21,0,0
BRDA:74,21,1,0
BRDA:80,22,0,0
BRDA:80,22,1,6
BRDA:82,23,0,6
BRDA:82,23,1,6
BRDA:89,24,0,0
BRDA:89,24,1,6
BRDA:89,25,0,6
BRDA:89,25,1,6
BRDA:90,26,0,0
BRDA:90,26,1,6
BRDA:90,27,0,6
BRDA:90,27,1,6
BRF:59
BRH:42
end_of_record
TN:
SF:src\calculators\batch-planner.ts
FN:31,(anonymous_0)
FN:39,(anonymous_1)
FN:49,(anonymous_2)
FN:59,(anonymous_3)
FN:87,(anonymous_4)
FN:88,(anonymous_5)
FN:114,(anonymous_6)
FN:136,(anonymous_7)
FN:145,(anonymous_8)
FN:148,(anonymous_9)
FN:154,(anonymous_10)
FN:164,(anonymous_11)
FN:174,(anonymous_12)
FN:252,(anonymous_13)
FN:253,(anonymous_14)
FN:282,(anonymous_15)
FN:292,(anonymous_16)
FN:293,(anonymous_17)
FN:304,(anonymous_18)
FN:305,(anonymous_19)
FN:321,(anonymous_20)
FN:338,(anonymous_21)
FN:348,(anonymous_22)
FN:368,(anonymous_23)
FNF:24
FNH:15
FNDA:0,(anonymous_0)
FNDA:0,(anonymous_1)
FNDA:0,(anonymous_2)
FNDA:0,(anonymous_3)
FNDA:0,(anonymous_4)
FNDA:0,(anonymous_5)
FNDA:273,(anonymous_6)
FNDA:23,(anonymous_7)
FNDA:292,(anonymous_8)
FNDA:292,(anonymous_9)
FNDA:258,(anonymous_10)
FNDA:0,(anonymous_11)
FNDA:239,(anonymous_12)
FNDA:258,(anonymous_13)
FNDA:258,(anonymous_14)
FNDA:23,(anonymous_15)
FNDA:258,(anonymous_16)
FNDA:0,(anonymous_17)
FNDA:258,(anonymous_18)
FNDA:0,(anonymous_19)
FNDA:9,(anonymous_20)
FNDA:12,(anonymous_21)
FNDA:227,(anonymous_22)
FNDA:27,(anonymous_23)
DA:22,4
DA:31,4
DA:38,0
DA:39,0
DA:42,0
DA:44,0
DA:45,0
DA:46,0
DA:49,0
DA:50,0
DA:51,0
DA:52,0
DA:55,0
DA:56,0
DA:58,0
DA:59,0
DA:61,0
DA:64,0
DA:65,0
DA:67,0
DA:68,0
DA:69,0
DA:70,0
DA:72,0
DA:82,0
DA:86,0
DA:87,0
DA:88,0
DA:90,0
DA:91,0
DA:103,0
DA:112,4
DA:114,4
DA:115,273
DA:117,261
DA:118,260
DA:129,4
DA:136,4
DA:143,23
DA:144,23
DA:145,292
DA:148,23
DA:149,292
DA:150,265
DA:151,258
DA:154,258
DA:157,23
DA:159,23
DA:160,23
DA:161,23
DA:164,23
DA:165,0
DA:166,0
DA:167,0
DA:170,23
DA:171,15
DA:173,15
DA:174,239
DA:176,15
DA:178,15
DA:180,54
DA:182,9
DA:183,9
DA:184,9
DA:186,9
DA:196,9
DA:199,6
DA:200,6
DA:202,6
DA:203,12
DA:204,4
DA:205,4
DA:207,8
DA:208,8
DA:209,17
DA:210,180
DA:211,17
DA:212,17
DA:222,17
DA:227,6
DA:228,1
DA:229,1
DA:230,3
DA:231,1
DA:241,1
DA:245,5
DA:251,23
DA:252,258
DA:253,258
DA:255,23
DA:256,4
DA:268,23
DA:282,4
DA:288,23
DA:291,23
DA:292,258
DA:293,0
DA:295,23
DA:296,0
DA:297,0
DA:298,0
DA:303,23
DA:304,258
DA:305,0
DA:307,23
DA:308,15
DA:309,15
DA:310,15
DA:311,15
DA:316,23
DA:321,4
DA:325,9
DA:326,9
DA:327,190
DA:328,190
DA:331,190
DA:332,190
DA:333,190
DA:335,9
DA:338,4
DA:339,12
DA:340,12
DA:341,22
DA:343,12
DA:348,4
DA:349,227
DA:350,227
DA:351,225
DA:352,222
DA:353,220
DA:354,217
DA:355,215
DA:356,185
DA:357,117
DA:358,115
DA:359,114
DA:360,114
DA:361,113
DA:362,112
DA:363,110
DA:364,110
DA:365,110
DA:368,4
DA:369,27
DA:370,22
DA:371,2
LF:146
LH:109
BRDA:36,0,0,0
BRDA:50,1,0,0
BRDA:50,1,1,0
BRDA:51,2,0,0
BRDA:51,2,1,0
BRDA:56,3,0,0
BRDA:56,3,1,0
BRDA:61,4,0,0
BRDA:61,4,1,0
BRDA:68,5,0,0
BRDA:68,5,1,0
BRDA:69,6,0,0
BRDA:69,6,1,0
BRDA:69,7,0,0
BRDA:69,7,1,0
BRDA:74,8,0,0
BRDA:74,8,1,0
BRDA:90,9,0,0
BRDA:90,9,1,0
BRDA:115,10,0,12
BRDA:115,10,1,261
BRDA:117,11,0,1
BRDA:117,11,1,260
BRDA:117,12,0,261
BRDA:117,12,1,2
BRDA:141,13,0,23
BRDA:149,14,0,27
BRDA:149,14,1,265
BRDA:150,15,0,7
BRDA:150,15,1,258
BRDA:150,16,0,265
BRDA:150,16,1,265
BRDA:165,17,0,0
BRDA:165,17,1,0
BRDA:166,18,0,0
BRDA:166,18,1,0
BRDA:171,19,0,0
BRDA:171,19,1,15
BRDA:174,20,0,239
BRDA:174,20,1,239
BRDA:176,21,0,0
BRDA:176,21,1,15
BRDA:178,22,0,9
BRDA:178,22,1,6
BRDA:183,23,0,9
BRDA:183,23,1,0
BRDA:184,24,0,9
BRDA:184,24,1,1
BRDA:184,25,0,1
BRDA:184,25,1,0
BRDA:188,26,0,9
BRDA:188,26,1,0
BRDA:203,27,0,4
BRDA:203,27,1,8
BRDA:211,28,0,13
BRDA:211,28,1,4
BRDA:218,29,0,17
BRDA:218,29,1,0
BRDA:227,30,0,1
BRDA:227,30,1,5
BRDA:255,31,0,4
BRDA:255,31,1,19
BRDA:292,32,0,258
BRDA:292,32,1,0
BRDA:293,33,0,0
BRDA:293,33,1,0
BRDA:293,34,0,0
BRDA:293,34,1,0
BRDA:297,35,0,0
BRDA:297,35,1,0
BRDA:308,36,0,15
BRDA:308,36,1,0
BRDA:310,37,0,15
BRDA:310,37,1,0
BRDA:328,38,0,1
BRDA:328,38,1,189
BRDA:328,39,0,190
BRDA:328,39,1,190
BRDA:330,40,0,189
BRDA:330,40,1,0
BRDA:331,41,0,190
BRDA:331,41,1,16
BRDA:350,42,0,2
BRDA:350,42,1,225
BRDA:350,43,0,227
BRDA:350,43,1,226
BRDA:351,44,0,3
BRDA:351,44,1,222
BRDA:351,45,0,225
BRDA:351,45,1,224
BRDA:351,45,2,223
BRDA:351,45,3,222
BRDA:352,46,0,2
BRDA:352,46,1,220
BRDA:352,47,0,222
BRDA:352,47,1,220
BRDA:353,48,0,3
BRDA:353,48,1,217
BRDA:353,49,0,220
BRDA:353,49,1,219
BRDA:353,49,2,218
BRDA:354,50,0,2
BRDA:354,50,1,215
BRDA:354,51,0,217
BRDA:354,51,1,216
BRDA:355,52,0,30
BRDA:355,52,1,185
BRDA:355,53,0,215
BRDA:355,53,1,214
BRDA:356,54,0,68
BRDA:356,54,1,117
BRDA:356,55,0,185
BRDA:356,55,1,117
BRDA:356,55,2,117
BRDA:357,56,0,2
BRDA:357,56,1,115
BRDA:357,57,0,117
BRDA:357,57,1,115
BRDA:358,58,0,1
BRDA:358,58,1,114
BRDA:358,59,0,115
BRDA:358,59,1,114
BRDA:359,60,0,0
BRDA:359,60,1,114
BRDA:359,61,0,114
BRDA:359,61,1,114
BRDA:360,62,0,1
BRDA:360,62,1,113
BRDA:360,63,0,114
BRDA:360,63,1,113
BRDA:361,64,0,1
BRDA:361,64,1,112
BRDA:362,65,0,2
BRDA:362,65,1,110
BRDA:362,66,0,112
BRDA:362,66,1,111
BRDA:362,66,2,111
BRDA:363,67,0,0
BRDA:363,67,1,110
BRDA:364,68,0,0
BRDA:364,68,1,110
BRDA:364,69,0,110
BRDA:364,69,1,110
BRDA:369,70,0,5
BRDA:369,70,1,22
BRDA:370,71,0,20
BRDA:370,71,1,2
BRF:147
BRH:105
end_of_record
TN:
SF:src\calculators\calibration-runner.ts
FN:26,(anonymous_0)
FNF:1
FNH:1
FNDA:13,(anonymous_0)
DA:26,2
DA:27,13
DA:28,13
DA:30,13
DA:31,13
DA:32,13
DA:33,13
DA:34,13
DA:36,13
DA:37,13
DA:39,11
DA:40,11
DA:42,8
DA:43,8
DA:45,8
DA:46,13
DA:48,13
DA:49,13
DA:50,13
DA:51,13
DA:54,13
DA:55,13
DA:59,13
DA:60,1
DA:61,1
DA:67,1
DA:70,13
LF:27
LH:27
BRDA:26,0,0,13
BRDA:37,1,0,2
BRDA:37,1,1,11
BRDA:40,2,0,3
BRDA:40,2,1,8
BRDA:43,3,0,0
BRDA:43,3,1,8
BRDA:45,4,0,8
BRDA:45,4,1,4
BRDA:46,5,0,8
BRDA:46,5,1,0
BRDA:55,6,0,3
BRDA:55,6,1,10
BRDA:59,7,0,1
BRDA:59,7,1,12
BRDA:59,8,0,13
BRDA:59,8,1,2
BRDA:59,8,2,1
BRF:18
BRH:16
end_of_record
TN:
SF:src\calculators\complexity-scorer.ts
FN:34,(anonymous_0)
FN:44,(anonymous_1)
FN:62,(anonymous_2)
FN:135,(anonymous_3)
FN:138,(anonymous_4)
FN:139,(anonymous_5)
FNF:6
FNH:6
FNDA:173,(anonymous_0)
FNDA:173,(anonymous_1)
FNDA:173,(anonymous_2)
FNDA:16,(anonymous_3)
FNDA:11,(anonymous_4)
FNDA:11,(anonymous_5)
DA:13,6
DA:14,6
DA:15,6
DA:16,6
DA:20,6
DA:34,6
DA:35,173
DA:36,171
DA:37,170
DA:38,169
DA:39,167
DA:44,6
DA:48,173
DA:49,160
DA:50,159
DA:62,6
DA:66,173
DA:67,173
DA:69,173
DA:70,173
DA:71,173
DA:72,173
DA:75,173
DA:76,173
DA:77,14
DA:78,41
DA:79,17
DA:80,15
DA:83,159
DA:87,173
DA:88,173
DA:89,173
DA:90,173
DA:91,173
DA:93,173
DA:103,173
DA:109,173
DA:110,173
DA:111,173
DA:113,173
DA:114,173
DA:115,173
DA:117,173
DA:135,6
DA:136,16
DA:138,11
DA:139,11
DA:141,9
DA:142,8
LF:49
LH:49
BRDA:35,0,0,2
BRDA:35,0,1,171
BRDA:36,1,0,1
BRDA:36,1,1,170
BRDA:37,2,0,1
BRDA:37,2,1,169
BRDA:38,3,0,2
BRDA:38,3,1,167
BRDA:48,4,0,13
BRDA:48,4,1,160
BRDA:48,5,0,173
BRDA:48,5,1,14
BRDA:49,6,0,1
BRDA:49,6,1,159
BRDA:49,7,0,160
BRDA:49,7,1,159
BRDA:64,8,0,173
BRDA:66,9,0,173
BRDA:66,10,0,173
BRDA:69,11,0,173
BRDA:69,11,1,159
BRDA:70,12,0,173
BRDA:70,12,1,159
BRDA:76,13,0,14
BRDA:76,13,1,159
BRDA:78,14,0,9
BRDA:78,14,1,32
BRDA:78,15,0,17
BRDA:78,15,1,15
BRDA:83,16,0,16
BRDA:83,16,1,143
BRDA:90,17,0,167
BRDA:90,17,1,6
BRDA:114,18,0,173
BRDA:114,18,1,170
BRDA:114,19,0,170
BRDA:114,19,1,159
BRDA:136,20,0,7
BRDA:136,20,1,9
BRDA:141,21,0,1
BRDA:141,21,1,8
BRF:41
BRH:41
end_of_record
TN:
SF:src\calculators\decommission-calculator.ts
FN:28,(anonymous_0)
FN:31,(anonymous_1)
FN:52,(anonymous_2)
FN:61,(anonymous_3)
FN:65,(anonymous_4)
FN:92,(anonymous_5)
FNF:6
FNH:6
FNDA:14,(anonymous_0)
FNDA:44,(anonymous_1)
FNDA:70,(anonymous_2)
FNDA:2,(anonymous_3)
FNDA:3,(anonymous_4)
FNDA:77,(anonymous_5)
DA:28,2
DA:29,14
DA:31,44
DA:34,14
DA:35,14
DA:36,44
DA:37,44
DA:38,40
DA:39,40
DA:44,14
DA:45,14
DA:46,42
DA:47,4
DA:52,14
DA:53,70
DA:54,69
DA:59,14
DA:61,14
DA:62,2
DA:65,3
DA:66,1
DA:67,1
DA:70,1
DA:73,1
DA:74,2
DA:75,2
DA:76,4
DA:77,2
DA:78,2
DA:79,0
DA:80,0
DA:85,1
DA:86,1
DA:90,14
DA:92,14
DA:93,77
DA:96,42
DA:97,17
DA:98,17
DA:102,25
DA:103,25
DA:104,2
DA:105,4
DA:106,2
DA:110,23
DA:111,77
DA:112,20
DA:113,20
DA:114,6
DA:115,6
DA:119,17
DA:120,17
DA:124,14
DA:125,14
DA:126,14
DA:127,14
DA:128,14
DA:130,14
DA:131,44
DA:132,44
DA:134,44
DA:135,19
DA:136,19
DA:139,19
DA:141,25
DA:142,25
DA:143,25
DA:145,25
DA:146,7
DA:147,11
DA:148,9
DA:153,25
DA:154,25
DA:158,25
DA:167,25
DA:168,18
DA:170,7
DA:171,7
DA:176,14
DA:177,14
DA:179,14
LF:81
LH:79
BRDA:36,0,0,14
BRDA:36,0,1,30
BRDA:38,1,0,30
BRDA:38,1,1,10
BRDA:46,2,0,2
BRDA:46,2,1,40
BRDA:53,3,0,1
BRDA:53,3,1,69
BRDA:62,4,0,0
BRDA:62,4,1,2
BRDA:65,5,0,1
BRDA:65,5,1,1
BRDA:74,6,0,2
BRDA:74,6,1,0
BRDA:76,7,0,2
BRDA:76,7,1,2
BRDA:77,8,0,0
BRDA:77,8,1,2
BRDA:78,9,0,0
BRDA:78,9,1,2
BRDA:93,10,0,35
BRDA:93,10,1,42
BRDA:96,11,0,17
BRDA:96,11,1,25
BRDA:103,12,0,2
BRDA:103,12,1,23
BRDA:110,13,0,23
BRDA:110,13,1,0
BRDA:112,14,0,0
BRDA:112,14,1,20
BRDA:113,15,0,6
BRDA:113,15,1,14
BRDA:132,16,0,44
BRDA:132,16,1,0
BRDA:134,17,0,19
BRDA:134,17,1,25
BRDA:135,18,0,19
BRDA:135,18,1,0
BRDA:136,19,0,6
BRDA:136,19,1,13
BRDA:142,20,0,25
BRDA:142,20,1,0
BRDA:145,21,0,7
BRDA:145,21,1,18
BRDA:147,22,0,9
BRDA:147,22,1,2
BRDA:147,23,0,11
BRDA:147,23,1,11
BRDA:154,24,0,18
BRDA:154,24,1,7
BRDA:155,25,0,18
BRDA:155,25,1,16
BRDA:162,26,0,25
BRDA:162,26,1,16
BRDA:167,27,0,18
BRDA:167,27,1,7
BRDA:171,28,0,2
BRDA:171,28,1,5
BRDA:185,29,0,14
BRDA:185,29,1,0
BRF:60
BRH:50
end_of_record
TN:
SF:src\calculators\dependency-resolver.ts
FN:27,(anonymous_0)
FN:33,(anonymous_1)
FN:40,(anonymous_2)
FN:84,(anonymous_3)
FNF:4
FNH:3
FNDA:27,(anonymous_0)
FNDA:298,(anonymous_1)
FNDA:3966,(anonymous_2)
FNDA:0,(anonymous_3)
DA:27,3
DA:28,27
DA:29,27
DA:30,27
DA:31,27
DA:32,27
DA:33,298
DA:37,27
DA:38,27
DA:39,27
DA:40,3966
DA:41,298
DA:42,298
DA:43,298
DA:49,27
DA:50,27
DA:51,27
DA:52,54
DA:53,54
DA:54,54
DA:56,27
DA:57,298
DA:58,298
DA:59,298
DA:62,27
DA:69,27
DA:84,3
DA:89,0
DA:90,0
DA:91,0
DA:92,0
DA:93,0
DA:94,0
DA:98,0
DA:99,0
DA:100,0
DA:102,0
DA:103,0
DA:104,0
DA:105,0
DA:106,0
DA:107,0
DA:108,0
DA:113,0
DA:114,0
LF:45
LH:27
BRDA:41,0,0,298
BRDA:41,0,1,0
BRDA:59,1,0,298
BRDA:59,1,1,0
BRDA:91,2,0,0
BRDA:91,2,1,0
BRDA:93,3,0,0
BRDA:93,3,1,0
BRDA:104,4,0,0
BRDA:104,4,1,0
BRDA:106,5,0,0
BRDA:106,5,1,0
BRF:12
BRH:2
end_of_record
TN:
SF:src\calculators\effort-estimator.ts
FN:20,(anonymous_0)
FN:27,(anonymous_1)
FN:44,(anonymous_2)
FN:47,(anonymous_3)
FN:51,(anonymous_4)
FN:74,(anonymous_5)
FN:77,(anonymous_6)
FN:78,(anonymous_7)
FNF:8
FNH:8
FNDA:14,(anonymous_0)
FNDA:19,(anonymous_1)
FNDA:6,(anonymous_2)
FNDA:19,(anonymous_3)
FNDA:19,(anonymous_4)
FNDA:8,(anonymous_5)
FNDA:9,(anonymous_6)
FNDA:7,(anonymous_7)
DA:20,3
DA:25,14
DA:27,14
DA:28,19
DA:29,19
DA:35,19
DA:44,14
DA:46,14
DA:47,19
DA:50,14
DA:51,19
DA:53,14
DA:57,14
DA:58,14
DA:59,19
DA:62,14
DA:74,3
DA:75,8
DA:77,9
DA:78,7
LF:20
LH:20
BRDA:23,0,0,14
BRDA:24,1,0,14
BRDA:39,2,0,19
BRDA:39,2,1,13
BRDA:53,3,0,13
BRDA:53,3,1,1
BRDA:59,4,0,19
BRDA:59,4,1,0
BRF:8
BRH:7
end_of_record
TN:
SF:src\calculators\effort-tracker.ts
FN:11,(anonymous_0)
FN:37,(anonymous_1)
FN:54,(anonymous_2)
FNF:3
FNH:3
FNDA:21,(anonymous_0)
FNDA:21,(anonymous_1)
FNDA:2,(anonymous_2)
DA:11,5
DA:15,21
DA:16,21
DA:18,21
DA:20,6
DA:21,6
DA:23,7
DA:24,7
DA:26,8
DA:27,8
DA:30,21
DA:37,5
DA:38,21
DA:40,16
DA:41,16
DA:43,16
DA:45,12
DA:48,12
DA:54,5
DA:55,2
DA:57,1
DA:58,1
DA:60,1
DA:61,1
LF:24
LH:24
BRDA:15,0,0,21
BRDA:15,0,1,9
BRDA:18,1,0,6
BRDA:18,1,1,7
BRDA:18,1,2,8
BRDA:20,2,0,6
BRDA:20,2,1,5
BRDA:23,3,0,7
BRDA:23,3,1,7
BRDA:26,4,0,8
BRDA:26,4,1,8
BRDA:38,5,0,5
BRDA:38,5,1,16
BRDA:38,6,0,21
BRDA:38,6,1,17
BRDA:43,7,0,4
BRDA:43,7,1,12
BRDA:43,8,0,16
BRDA:43,8,1,15
BRDA:43,8,2,15
BRDA:55,9,0,1
BRDA:55,9,1,1
BRDA:55,10,0,2
BRDA:55,10,1,2
BRDA:60,11,0,0
BRDA:60,11,1,1
BRDA:60,12,0,1
BRDA:60,12,1,1
BRDA:60,12,2,1
BRF:29
BRH:28
end_of_record
TN:
SF:src\calculators\module-calculator.ts
FN:38,(anonymous_0)
FN:44,(anonymous_1)
FN:57,(anonymous_2)
FN:80,(anonymous_3)
FN:86,(anonymous_4)
FN:87,(anonymous_5)
FN:159,(anonymous_6)
FN:169,(anonymous_7)
FN:171,(anonymous_8)
FN:172,(anonymous_9)
FN:186,(anonymous_10)
FN:189,(anonymous_11)
FNF:12
FNH:12
FNDA:23,(anonymous_0)
FNDA:133,(anonymous_1)
FNDA:242,(anonymous_2)
FNDA:414,(anonymous_3)
FNDA:14,(anonymous_4)
FNDA:20,(anonymous_5)
FNDA:23,(anonymous_6)
FNDA:23,(anonymous_7)
FNDA:110,(anonymous_8)
FNDA:133,(anonymous_9)
FNDA:133,(anonymous_10)
FNDA:110,(anonymous_11)
DA:38,3
DA:42,23
DA:44,133
DA:45,23
DA:46,23
DA:47,130
DA:48,3
DA:49,6
DA:54,23
DA:57,23
DA:58,242
DA:59,242
DA:60,242
DA:63,23
DA:64,133
DA:65,133
DA:66,133
DA:69,133
DA:70,133
DA:71,133
DA:72,394
DA:73,394
DA:74,7
DA:75,7
DA:80,133
DA:81,414
DA:82,411
DA:86,133
DA:87,20
DA:89,133
DA:90,133
DA:92,133
DA:93,394
DA:94,394
DA:96,394
DA:98,14
DA:99,6
DA:102,8
DA:103,0
DA:104,0
DA:105,0
DA:106,8
DA:108,8
DA:109,8
DA:118,380
DA:119,66
DA:120,0
DA:121,0
DA:122,314
DA:124,380
DA:125,314
DA:135,133
DA:136,133
DA:140,133
DA:157,23
DA:159,23
DA:161,23
DA:169,3
DA:171,110
DA:172,133
DA:173,23
DA:175,23
DA:176,133
DA:177,23
DA:178,110
DA:180,110
DA:181,110
DA:186,133
DA:189,3
DA:190,110
DA:191,110
DA:192,261
DA:194,110
LF:73
LH:68
BRDA:47,0,0,3
BRDA:47,0,1,127
BRDA:58,1,0,242
BRDA:58,1,1,0
BRDA:59,2,0,242
BRDA:59,2,1,0
BRDA:73,3,0,7
BRDA:73,3,1,387
BRDA:73,4,0,394
BRDA:73,4,1,14
BRDA:81,5,0,3
BRDA:81,5,1,411
BRDA:82,6,0,411
BRDA:82,6,1,330
BRDA:96,7,0,14
BRDA:96,7,1,380
BRDA:98,8,0,6
BRDA:98,8,1,8
BRDA:102,9,0,0
BRDA:102,9,1,0
BRDA:102,9,2,0
BRDA:102,9,3,8
BRDA:108,10,0,8
BRDA:108,10,1,0
BRDA:111,11,0,8
BRDA:111,11,1,0
BRDA:118,12,0,66
BRDA:118,12,1,0
BRDA:118,12,2,0
BRDA:118,12,3,314
BRDA:124,13,0,314
BRDA:124,13,1,66
BRDA:127,14,0,314
BRDA:127,14,1,0
BRDA:136,15,0,133
BRDA:136,15,1,0
BRDA:176,16,0,110
BRDA:176,16,1,23
BRDA:178,17,0,0
BRDA:178,17,1,110
BRDA:180,18,0,110
BRDA:180,18,1,0
BRDA:190,19,0,0
BRDA:190,19,1,110
BRDA:192,20,0,0
BRDA:192,20,1,261
BRF:46
BRH:31
end_of_record
TN:
SF:src\calculators\priority-calculator.ts
FN:38,(anonymous_0)
FN:44,(anonymous_1)
FN:57,(anonymous_2)
FN:74,(anonymous_3)
FN:85,(anonymous_4)
FN:130,(anonymous_5)
FN:171,(anonymous_6)
FN:207,(anonymous_7)
FN:254,(anonymous_8)
FN:280,(anonymous_9)
FN:282,(anonymous_10)
FN:320,(anonymous_11)
FN:340,(anonymous_12)
FN:359,(anonymous_13)
FN:360,(anonymous_14)
FN:378,(anonymous_15)
FN:380,(anonymous_16)
FN:384,(anonymous_17)
FN:384,(anonymous_18)
FN:389,(anonymous_19)
FN:410,(anonymous_20)
FNF:21
FNH:21
FNDA:24,(anonymous_0)
FNDA:45,(anonymous_1)
FNDA:268,(anonymous_2)
FNDA:22,(anonymous_3)
FNDA:39,(anonymous_4)
FNDA:20,(anonymous_5)
FNDA:51,(anonymous_6)
FNDA:20,(anonymous_7)
FNDA:20,(anonymous_8)
FNDA:34,(anonymous_9)
FNDA:34,(anonymous_10)
FNDA:14,(anonymous_11)
FNDA:16,(anonymous_12)
FNDA:2,(anonymous_13)
FNDA:3,(anonymous_14)
FNDA:4,(anonymous_15)
FNDA:20,(anonymous_16)
FNDA:32,(anonymous_17)
FNDA:6,(anonymous_18)
FNDA:30,(anonymous_19)
FNDA:17,(anonymous_20)
DA:27,3
DA:38,3
DA:41,24
DA:42,24
DA:44,45
DA:46,24
DA:47,45
DA:50,24
DA:51,45
DA:52,45
DA:53,105
DA:54,60
DA:55,31
DA:56,31
DA:57,268
DA:59,31
DA:68,24
DA:74,3
DA:77,22
DA:78,22
DA:79,22
DA:80,22
DA:81,22
DA:82,22
DA:83,22
DA:85,22
DA:86,39
DA:87,39
DA:88,39
DA:89,39
DA:90,39
DA:92,39
DA:93,39
DA:94,25
DA:95,16
DA:96,16
DA:97,9
DA:98,2
DA:102,39
DA:103,37
DA:105,37
DA:106,39
DA:107,39
DA:108,39
DA:111,37
DA:112,2
DA:117,22
DA:118,39
DA:119,23
DA:123,22
DA:130,3
DA:135,20
DA:136,20
DA:137,1
DA:138,1
DA:139,2
DA:142,20
DA:143,34
DA:144,32
DA:149,20
DA:150,20
DA:151,20
DA:152,34
DA:154,20
DA:155,33
DA:158,20
DA:159,34
DA:160,34
DA:161,20
DA:162,20
DA:163,18
DA:169,20
DA:171,20
DA:172,51
DA:174,33
DA:175,51
DA:176,21
DA:177,21
DA:180,12
DA:181,12
DA:182,18
DA:184,12
DA:185,12
DA:188,20
DA:189,33
DA:193,20
DA:194,20
DA:195,34
DA:196,34
DA:199,20
DA:207,3
DA:211,20
DA:212,20
DA:213,34
DA:215,20
DA:216,34
DA:217,20
DA:218,0
DA:220,20
DA:224,20
DA:225,20
DA:227,34
DA:228,34
DA:229,34
DA:231,34
DA:232,54
DA:233,54
DA:234,54
DA:235,28
DA:236,20
DA:237,20
DA:243,34
DA:246,20
DA:254,3
DA:261,20
DA:263,20
DA:264,20
DA:267,20
DA:268,20
DA:269,34
DA:271,20
DA:272,34
DA:273,20
DA:274,20
DA:280,34
DA:282,20
DA:283,34
DA:284,34
DA:287,34
DA:292,34
DA:295,34
DA:298,34
DA:302,34
DA:304,34
DA:320,20
DA:321,14
DA:323,3
DA:324,1
DA:328,20
DA:329,34
DA:332,20
DA:340,3
DA:345,16
DA:348,16
DA:349,16
DA:350,22
DA:351,22
DA:352,22
DA:356,16
DA:357,16
DA:358,1
DA:360,3
DA:361,2
DA:364,1
DA:365,2
DA:370,16
DA:371,16
DA:372,22
DA:373,22
DA:374,22
DA:378,16
DA:380,16
DA:381,20
DA:384,32
DA:387,20
DA:388,20
DA:389,30
DA:390,22
DA:392,20
DA:396,20
DA:404,16
DA:410,3
DA:413,17
DA:415,17
DA:416,1
DA:424,16
DA:425,16
DA:426,16
DA:427,16
DA:428,16
DA:429,16
DA:431,16
LF:182
LH:181
BRDA:53,0,0,45
BRDA:53,0,1,60
BRDA:54,1,0,31
BRDA:54,1,1,29
BRDA:57,2,0,268
BRDA:57,2,1,160
BRDA:57,2,2,156
BRDA:92,3,0,39
BRDA:92,3,1,0
BRDA:94,4,0,16
BRDA:94,4,1,9
BRDA:97,5,0,2
BRDA:97,5,1,7
BRDA:102,6,0,37
BRDA:102,6,1,2
BRDA:111,7,0,2
BRDA:111,7,1,35
BRDA:118,8,0,23
BRDA:118,8,1,16
BRDA:143,9,0,32
BRDA:143,9,1,2
BRDA:162,10,0,18
BRDA:162,10,1,2
BRDA:172,11,0,18
BRDA:172,11,1,33
BRDA:174,12,0,33
BRDA:174,12,1,0
BRDA:175,13,0,21
BRDA:175,13,1,30
BRDA:196,14,0,34
BRDA:196,14,1,0
BRDA:217,15,0,0
BRDA:217,15,1,20
BRDA:233,16,0,54
BRDA:233,16,1,0
BRDA:235,17,0,20
BRDA:235,17,1,8
BRDA:259,18,0,20
BRDA:261,19,0,0
BRDA:261,19,1,20
BRDA:273,20,0,20
BRDA:273,20,1,0
BRDA:283,21,0,34
BRDA:283,21,1,0
BRDA:284,22,0,34
BRDA:284,22,1,0
BRDA:287,23,0,18
BRDA:287,23,1,16
BRDA:302,24,0,34
BRDA:302,24,1,0
BRDA:312,25,0,34
BRDA:312,25,1,0
BRDA:321,26,0,11
BRDA:321,26,1,3
BRDA:323,27,0,2
BRDA:323,27,1,1
BRDA:345,28,0,0
BRDA:345,28,1,16
BRDA:351,29,0,20
BRDA:351,29,1,2
BRDA:361,30,0,2
BRDA:361,30,1,0
BRDA:372,31,0,22
BRDA:372,31,1,20
BRDA:373,32,0,20
BRDA:373,32,1,2
BRDA:390,33,0,22
BRDA:390,33,1,0
BRDA:392,34,0,0
BRDA:392,34,1,20
BRDA:393,35,0,0
BRDA:393,35,1,20
BRDA:413,36,0,17
BRDA:415,37,0,1
BRDA:415,37,1,16
BRF:75
BRH:59
end_of_record
TN:
SF:src\calculators\project-analyzer.ts
FN:27,(anonymous_0)
FN:35,(anonymous_1)
FN:37,(anonymous_2)
FN:52,(anonymous_3)
FN:73,(anonymous_4)
FN:78,(anonymous_5)
FN:81,(anonymous_6)
FN:83,(anonymous_7)
FN:102,(anonymous_8)
FN:107,(anonymous_9)
FN:110,(anonymous_10)
FN:112,(anonymous_11)
FN:133,(anonymous_12)
FN:149,(anonymous_13)
FN:150,(anonymous_14)
FN:150,(anonymous_15)
FNF:16
FNH:16
FNDA:16,(anonymous_0)
FNDA:11,(anonymous_1)
FNDA:145,(anonymous_2)
FNDA:4,(anonymous_3)
FNDA:18,(anonymous_4)
FNDA:18,(anonymous_5)
FNDA:18,(anonymous_6)
FNDA:18,(anonymous_7)
FNDA:121,(anonymous_8)
FNDA:121,(anonymous_9)
FNDA:121,(anonymous_10)
FNDA:121,(anonymous_11)
FNDA:145,(anonymous_12)
FNDA:2,(anonymous_13)
FNDA:3,(anonymous_14)
FNDA:2,(anonymous_15)
DA:27,2
DA:28,16
DA:29,16
DA:30,16
DA:31,16
DA:32,16
DA:35,2
DA:36,11
DA:37,145
DA:40,11
DA:41,11
DA:42,11
DA:43,4
DA:44,18
DA:47,4
DA:51,11
DA:53,4
DA:54,4
DA:56,11
DA:59,11
DA:68,11
DA:70,11
DA:71,4
DA:72,4
DA:74,18
DA:75,18
DA:76,18
DA:78,18
DA:80,4
DA:81,18
DA:83,18
DA:84,4
DA:86,4
DA:100,11
DA:101,12
DA:103,121
DA:104,121
DA:105,121
DA:107,121
DA:109,12
DA:110,121
DA:112,121
DA:113,12
DA:115,12
DA:129,11
DA:130,11
DA:131,139
DA:133,145
DA:135,11
DA:149,2
DA:150,3
LF:51
LH:51
BRDA:28,0,0,0
BRDA:28,0,1,16
BRDA:29,1,0,0
BRDA:29,1,1,16
BRDA:30,2,0,0
BRDA:30,2,1,16
BRDA:31,3,0,0
BRDA:31,3,1,16
BRDA:40,4,0,11
BRDA:40,4,1,7
BRDA:54,5,0,4
BRDA:54,5,1,0
BRDA:56,6,0,4
BRDA:56,6,1,7
BRDA:75,7,0,0
BRDA:75,7,1,18
BRDA:80,8,0,4
BRDA:80,8,1,0
BRDA:89,9,0,4
BRDA:89,9,1,4
BRDA:104,10,0,0
BRDA:104,10,1,121
BRDA:109,11,0,12
BRDA:109,11,1,0
BRF:24
BRH:15
end_of_record
TN:
SF:src\calculators\readiness-checker.ts
FN:18,(anonymous_0)
FN:40,(anonymous_1)
FN:41,(anonymous_2)
FN:68,(anonymous_3)
FN:71,(anonymous_4)
FN:80,(anonymous_5)
FN:96,(anonymous_6)
FN:102,(anonymous_7)
FNF:8
FNH:1
FNDA:6,(anonymous_0)
FNDA:0,(anonymous_1)
FNDA:0,(anonymous_2)
FNDA:0,(anonymous_3)
FNDA:0,(anonymous_4)
FNDA:0,(anonymous_5)
FNDA:0,(anonymous_6)
FNDA:0,(anonymous_7)
DA:18,1
DA:19,6
DA:20,6
DA:22,6
DA:23,6
DA:24,6
DA:25,6
DA:27,6
DA:28,6
DA:29,0
DA:30,6
DA:31,0
DA:32,6
DA:33,0
DA:35,6
DA:40,6
DA:41,6
DA:44,6
DA:45,6
DA:46,0
DA:47,0
DA:48,0
DA:49,0
DA:53,6
DA:62,6
DA:68,1
DA:69,0
DA:70,0
DA:71,0
DA:73,0
DA:80,1
DA:84,0
DA:86,0
DA:87,0
DA:88,0
DA:89,0
DA:90,0
DA:95,0
DA:96,0
DA:99,0
DA:102,1
DA:103,0
DA:104,0
DA:105,0
LF:44
LH:21
BRDA:28,0,0,0
BRDA:28,0,1,6
BRDA:30,1,0,0
BRDA:30,1,1,6
BRDA:32,2,0,0
BRDA:32,2,1,6
BRDA:46,3,0,0
BRDA:46,3,1,0
BRDA:46,3,2,0
BRDA:70,4,0,0
BRDA:70,4,1,0
BRDA:71,5,0,0
BRDA:71,5,1,0
BRDA:82,6,0,0
BRDA:87,7,0,0
BRDA:87,7,1,0
BRDA:89,8,0,0
BRDA:89,8,1,0
BRDA:102,9,0,0
BRF:19
BRH:3
end_of_record
TN:
SF:src\coherence\checker.ts
FN:34,(anonymous_0)
FN:39,(anonymous_1)
FN:88,(anonymous_2)
FN:95,(anonymous_3)
FN:96,(anonymous_4)
FN:102,(anonymous_5)
FN:131,(anonymous_6)
FN:139,(anonymous_7)
FN:164,(anonymous_8)
FN:169,(anonymous_9)
FN:219,(anonymous_10)
FN:231,(anonymous_11)
FN:238,(anonymous_12)
FN:239,(anonymous_13)
FN:259,(anonymous_14)
FN:268,(anonymous_15)
FN:282,(anonymous_16)
FN:285,(anonymous_17)
FN:305,(anonymous_18)
FN:313,(anonymous_19)
FN:329,(anonymous_20)
FN:344,(anonymous_21)
FNF:22
FNH:22
FNDA:27,(anonymous_0)
FNDA:29,(anonymous_1)
FNDA:27,(anonymous_2)
FNDA:29,(anonymous_3)
FNDA:22,(anonymous_4)
FNDA:9,(anonymous_5)
FNDA:9,(anonymous_6)
FNDA:1,(anonymous_7)
FNDA:27,(anonymous_8)
FNDA:78,(anonymous_9)
FNDA:1,(anonymous_10)
FNDA:27,(anonymous_11)
FNDA:5,(anonymous_12)
FNDA:5,(anonymous_13)
FNDA:14,(anonymous_14)
FNDA:6,(anonymous_15)
FNDA:6,(anonymous_16)
FNDA:1,(anonymous_17)
FNDA:3,(anonymous_18)
FNDA:37,(anonymous_19)
FNDA:27,(anonymous_20)
FNDA:8,(anonymous_21)
DA:23,4
DA:34,4
DA:35,27
DA:37,27
DA:39,29
DA:41,20
DA:42,22
DA:43,22
DA:45,22
DA:46,22
DA:48,22
DA:49,11
DA:50,11
DA:53,11
DA:54,0
DA:55,0
DA:58,11
DA:60,11
DA:61,6
DA:62,6
DA:63,6
DA:64,6
DA:71,5
DA:80,20
DA:88,4
DA:89,27
DA:90,27
DA:92,27
DA:94,20
DA:95,29
DA:96,22
DA:98,20
DA:99,14
DA:101,13
DA:102,9
DA:103,9
DA:104,9
DA:111,4
DA:118,13
DA:121,6
DA:124,6
DA:125,6
DA:127,6
DA:128,7
DA:131,9
DA:133,6
DA:134,4
DA:135,4
DA:138,2
DA:139,1
DA:140,1
DA:141,1
DA:142,1
DA:149,1
DA:157,2
DA:164,4
DA:165,27
DA:167,27
DA:169,78
DA:170,26
DA:172,26
DA:173,78
DA:174,32
DA:177,26
DA:179,26
DA:180,59
DA:181,59
DA:183,59
DA:185,177
DA:186,177
DA:188,177
DA:189,2
DA:190,1
DA:194,1
DA:195,1
DA:197,1
DA:198,1
DA:208,59
DA:209,1
DA:213,26
DA:214,1
DA:219,25
DA:220,11
DA:223,26
DA:231,4
DA:232,27
DA:233,27
DA:235,27
DA:237,5
DA:238,5
DA:239,5
DA:241,5
DA:242,5
DA:243,5
DA:245,5
DA:247,5
DA:250,5
DA:251,5
DA:253,5
DA:254,5
DA:258,5
DA:259,14
DA:268,6
DA:271,5
DA:272,5
DA:273,1
DA:282,6
DA:283,5
DA:284,2
DA:285,1
DA:286,1
DA:287,1
DA:288,1
DA:295,1
DA:305,5
DA:306,2
DA:309,5
DA:313,4
DA:314,37
DA:315,37
DA:316,37
DA:317,64
DA:318,64
DA:319,5
DA:320,59
DA:321,59
DA:329,4
DA:330,27
DA:331,27
DA:333,27
DA:340,27
DA:344,4
DA:345,8
DA:346,8
DA:347,18
DA:348,6
DA:349,1
DA:351,8
LF:138
LH:136
BRDA:37,0,0,7
BRDA:37,0,1,20
BRDA:39,1,0,29
BRDA:39,1,1,23
BRDA:48,2,0,11
BRDA:48,2,1,11
BRDA:53,3,0,0
BRDA:53,3,1,11
BRDA:60,4,0,6
BRDA:60,4,1,5
BRDA:92,5,0,7
BRDA:92,5,1,20
BRDA:95,6,0,29
BRDA:95,6,1,23
BRDA:98,7,0,14
BRDA:98,7,1,6
BRDA:99,8,0,1
BRDA:99,8,1,13
BRDA:101,9,0,9
BRDA:101,9,1,4
BRDA:133,10,0,4
BRDA:133,10,1,2
BRDA:138,11,0,1
BRDA:138,11,1,1
BRDA:152,12,0,0
BRDA:152,12,1,1
BRDA:167,13,0,1
BRDA:167,13,1,26
BRDA:173,14,0,46
BRDA:173,14,1,32
BRDA:188,15,0,2
BRDA:188,15,1,175
BRDA:189,16,0,1
BRDA:189,16,1,1
BRDA:208,17,0,1
BRDA:208,17,1,58
BRDA:213,18,0,1
BRDA:213,18,1,25
BRDA:213,19,0,26
BRDA:213,19,1,14
BRDA:219,20,0,11
BRDA:219,20,1,14
BRDA:219,21,0,25
BRDA:219,21,1,12
BRDA:235,22,0,22
BRDA:235,22,1,5
BRDA:245,23,0,0
BRDA:245,23,1,5
BRDA:259,24,0,14
BRDA:259,24,1,6
BRDA:259,24,2,14
BRDA:259,24,3,9
BRDA:259,24,4,9
BRDA:259,24,5,8
BRDA:259,24,6,7
BRDA:259,24,7,7
BRDA:272,25,0,1
BRDA:272,25,1,4
BRDA:283,26,0,2
BRDA:283,26,1,3
BRDA:284,27,0,1
BRDA:284,27,1,1
BRDA:305,28,0,2
BRDA:305,28,1,3
BRDA:314,29,0,0
BRDA:314,29,1,37
BRDA:318,30,0,5
BRDA:318,30,1,59
BRDA:320,31,0,59
BRDA:320,31,1,0
BRDA:320,32,0,59
BRDA:320,32,1,31
BRDA:330,33,0,27
BRDA:330,33,1,13
BRDA:347,34,0,11
BRDA:347,34,1,7
BRDA:347,35,0,6
BRDA:347,35,1,1
BRF:78
BRH:73
end_of_record
TN:
SF:src\core\contract.ts
FN:15,(anonymous_0)
FN:40,(anonymous_1)
FN:55,(anonymous_2)
FN:64,(anonymous_3)
FN:72,(anonymous_4)
FN:80,(anonymous_5)
FN:126,(anonymous_6)
FN:155,(anonymous_7)
FN:160,(anonymous_8)
FN:171,(anonymous_9)
FN:179,(anonymous_10)
FN:189,(anonymous_11)
FN:198,(anonymous_12)
FN:207,(anonymous_13)
FN:217,(anonymous_14)
FN:228,(anonymous_15)
FNF:16
FNH:13
FNDA:56,(anonymous_0)
FNDA:17,(anonymous_1)
FNDA:4,(anonymous_2)
FNDA:0,(anonymous_3)
FNDA:1,(anonymous_4)
FNDA:0,(anonymous_5)
FNDA:0,(anonymous_6)
FNDA:41,(anonymous_7)
FNDA:80,(anonymous_8)
FNDA:111,(anonymous_9)
FNDA:54,(anonymous_10)
FNDA:26,(anonymous_11)
FNDA:28,(anonymous_12)
FNDA:3,(anonymous_13)
FNDA:56,(anonymous_14)
FNDA:56,(anonymous_15)
DA:15,9
DA:16,56
DA:17,56
DA:19,56
DA:40,9
DA:41,17
DA:42,17
DA:44,17
DA:55,4
DA:64,0
DA:72,1
DA:80,0
DA:115,17
DA:126,9
DA:127,0
DA:128,0
DA:130,0
DA:131,0
DA:132,0
DA:133,0
DA:136,0
DA:137,0
DA:138,0
DA:140,0
DA:141,0
DA:143,0
DA:144,0
DA:146,0
DA:147,0
DA:150,0
DA:155,9
DA:156,41
DA:158,41
DA:160,80
DA:161,40
DA:162,35
DA:163,35
DA:166,40
DA:171,9
DA:172,111
DA:173,111
DA:174,50
DA:175,50
DA:176,2
DA:179,54
DA:189,26
DA:198,28
DA:207,9
DA:217,9
DA:218,56
DA:219,12
DA:228,56
LF:52
LH:34
BRDA:23,0,0,56
BRDA:23,0,1,0
BRDA:24,1,0,56
BRDA:24,1,1,0
BRDA:25,2,0,56
BRDA:25,2,1,0
BRDA:26,3,0,56
BRDA:26,3,1,1
BRDA:27,4,0,56
BRDA:27,4,1,1
BRDA:28,5,0,56
BRDA:28,5,1,1
BRDA:30,6,0,56
BRDA:30,6,1,0
BRDA:31,7,0,56
BRDA:31,7,1,0
BRDA:32,8,0,56
BRDA:32,8,1,0
BRDA:33,9,0,56
BRDA:33,9,1,0
BRDA:34,10,0,56
BRDA:34,10,1,0
BRDA:42,11,0,0
BRDA:42,11,1,17
BRDA:103,12,0,7
BRDA:103,12,1,10
BRDA:130,13,0,0
BRDA:130,13,1,0
BRDA:131,14,0,0
BRDA:131,14,1,0
BRDA:132,15,0,0
BRDA:132,15,1,0
BRDA:132,16,0,0
BRDA:132,16,1,0
BRDA:138,17,0,0
BRDA:138,17,1,0
BRDA:141,18,0,0
BRDA:141,18,1,0
BRDA:144,19,0,0
BRDA:144,19,1,0
BRDA:147,20,0,0
BRDA:147,20,1,0
BRDA:155,21,0,41
BRDA:158,22,0,1
BRDA:158,22,1,40
BRDA:172,23,0,111
BRDA:172,23,1,0
BRDA:173,24,0,61
BRDA:173,24,1,50
BRDA:174,25,0,0
BRDA:174,25,1,50
BRDA:175,26,0,48
BRDA:175,26,1,2
BRDA:180,27,0,54
BRDA:180,27,1,0
BRDA:181,28,0,54
BRDA:181,28,1,0
BRDA:182,29,0,54
BRDA:182,29,1,0
BRDA:183,30,0,54
BRDA:183,30,1,0
BRDA:184,31,0,54
BRDA:184,31,1,0
BRDA:185,32,0,54
BRDA:185,32,1,0
BRDA:186,33,0,54
BRDA:186,33,1,0
BRDA:190,34,0,26
BRDA:190,34,1,0
BRDA:190,34,2,0
BRDA:191,35,0,26
BRDA:191,35,1,0
BRDA:192,36,0,26
BRDA:192,36,1,0
BRDA:193,37,0,26
BRDA:193,37,1,0
BRDA:194,38,0,26
BRDA:194,38,1,0
BRDA:195,39,0,26
BRDA:195,39,1,0
BRDA:199,40,0,28
BRDA:199,40,1,0
BRDA:200,41,0,28
BRDA:200,41,1,0
BRDA:201,42,0,28
BRDA:201,42,1,0
BRDA:202,43,0,28
BRDA:202,43,1,0
BRDA:203,44,0,28
BRDA:203,44,1,0
BRDA:204,45,0,28
BRDA:204,45,1,0
BRDA:208,46,0,3
BRDA:208,46,1,0
BRDA:208,46,2,0
BRDA:209,47,0,3
BRDA:209,47,1,0
BRDA:210,48,0,3
BRDA:210,48,1,0
BRDA:211,49,0,3
BRDA:211,49,1,0
BRDA:212,50,0,3
BRDA:212,50,1,0
BRDA:213,51,0,3
BRDA:213,51,1,0
BRDA:214,52,0,3
BRDA:214,52,1,0
BRDA:218,53,0,44
BRDA:218,53,1,12
BRDA:220,54,0,9
BRDA:220,54,1,3
BRDA:221,55,0,2
BRDA:221,55,1,10
BRDA:222,56,0,12
BRDA:222,56,1,0
BRDA:223,57,0,4
BRDA:223,57,1,8
BRDA:224,58,0,1
BRDA:224,58,1,11
BRDA:229,59,0,56
BRDA:229,59,1,1
BRDA:230,60,0,56
BRDA:230,60,1,1
BRDA:231,61,0,56
BRDA:231,61,1,1
BRDA:232,62,0,56
BRDA:232,62,1,1
BRDA:233,63,0,56
BRDA:233,63,1,1
BRDA:234,64,0,56
BRDA:234,64,1,1
BRDA:235,65,0,56
BRDA:235,65,1,1
BRDA:236,66,0,56
BRDA:236,66,1,1
BRDA:237,67,0,56
BRDA:237,67,1,1
BRDA:238,68,0,56
BRDA:238,68,1,1
BRDA:239,69,0,56
BRDA:239,69,1,0
BRDA:240,70,0,56
BRDA:240,70,1,0
BRDA:241,71,0,56
BRDA:241,71,1,0
BRF:145
BRH:86
end_of_record
TN:
SF:src\core\correlation.ts
FN:23,(anonymous_0)
FN:55,(anonymous_1)
FN:86,(anonymous_2)
FN:94,(anonymous_3)
FNF:4
FNH:3
FNDA:2,(anonymous_0)
FNDA:0,(anonymous_1)
FNDA:2,(anonymous_2)
FNDA:1,(anonymous_3)
DA:23,1
DA:26,2
DA:27,2
DA:29,2
DA:31,2
DA:32,2
DA:34,1
DA:41,1
DA:55,1
DA:56,0
DA:57,0
DA:59,0
DA:61,0
DA:62,0
DA:64,0
DA:71,0
DA:86,1
DA:90,2
DA:92,2
DA:94,1
LF:20
LH:13
BRDA:37,0,0,1
BRDA:37,0,1,0
BRDA:67,1,0,0
BRDA:67,1,1,0
BRF:4
BRH:1
end_of_record
TN:
SF:src\core\coverage.ts
FN:17,(anonymous_0)
FN:38,(anonymous_1)
FN:41,(anonymous_2)
FN:44,(anonymous_3)
FN:47,(anonymous_4)
FN:50,(anonymous_5)
FN:72,(anonymous_6)
FNF:7
FNH:7
FNDA:10,(anonymous_0)
FNDA:7,(anonymous_1)
FNDA:1,(anonymous_2)
FNDA:1,(anonymous_3)
FNDA:1,(anonymous_4)
FNDA:1,(anonymous_5)
FNDA:3,(anonymous_6)
DA:17,2
DA:18,10
DA:20,10
DA:21,19
DA:22,8
DA:23,3
DA:24,3
DA:25,5
DA:29,10
DA:30,10
DA:31,10
DA:35,10
DA:38,2
DA:39,7
DA:41,2
DA:42,1
DA:44,2
DA:45,1
DA:47,2
DA:48,1
DA:50,2
DA:51,1
DA:52,1
DA:53,1
DA:54,1
DA:57,1
DA:62,1
DA:65,1
DA:67,1
DA:69,1
DA:72,2
DA:73,3
DA:74,3
DA:75,3
DA:76,3
LF:35
LH:35
BRDA:21,0,0,8
BRDA:21,0,1,3
BRDA:21,0,2,3
BRDA:21,0,3,5
BRDA:31,1,0,8
BRDA:31,1,1,2
BRDA:62,2,0,0
BRDA:62,2,1,1
BRDA:72,3,0,3
BRF:9
BRH:8
end_of_record
TN:
SF:src\core\graph.ts
FN:17,(anonymous_0)
FN:18,(anonymous_1)
FN:22,(anonymous_2)
FN:30,(anonymous_3)
FN:60,(anonymous_4)
FN:69,(anonymous_5)
FN:117,(anonymous_6)
FN:151,(anonymous_7)
FN:154,(anonymous_8)
FN:192,(anonymous_9)
FN:216,(anonymous_10)
FN:259,(anonymous_11)
FN:266,(anonymous_12)
FNF:13
FNH:11
FNDA:64,(anonymous_0)
FNDA:520,(anonymous_1)
FNDA:516,(anonymous_2)
FNDA:2,(anonymous_3)
FNDA:58,(anonymous_4)
FNDA:491,(anonymous_5)
FNDA:56,(anonymous_6)
FNDA:55,(anonymous_7)
FNDA:926,(anonymous_8)
FNDA:166,(anonymous_9)
FNDA:28,(anonymous_10)
FNDA:0,(anonymous_11)
FNDA:0,(anonymous_12)
DA:17,8
DA:18,520
DA:19,64
DA:21,64
DA:22,520
DA:25,64
DA:30,8
DA:34,2
DA:35,2
DA:37,2
DA:38,2
DA:39,2
DA:40,2
DA:44,2
DA:45,7
DA:46,7
DA:47,7
DA:48,6
DA:49,5
DA:50,5
DA:55,2
DA:60,8
DA:61,58
DA:62,58
DA:63,58
DA:64,58
DA:65,58
DA:66,58
DA:67,58
DA:69,58
DA:70,491
DA:71,491
DA:72,491
DA:73,491
DA:74,491
DA:76,491
DA:77,491
DA:78,486
DA:79,486
DA:80,411
DA:81,411
DA:82,75
DA:83,7
DA:87,491
DA:88,484
DA:90,484
DA:91,491
DA:92,491
DA:93,491
DA:96,484
DA:100,58
DA:101,491
DA:102,80
DA:106,58
DA:117,8
DA:121,56
DA:122,56
DA:123,476
DA:124,482
DA:128,56
DA:129,56
DA:130,476
DA:133,56
DA:134,482
DA:135,482
DA:136,482
DA:137,476
DA:138,476
DA:139,464
DA:144,56
DA:151,8
DA:152,55
DA:154,55
DA:155,926
DA:157,471
DA:158,926
DA:159,327
DA:160,327
DA:163,144
DA:164,144
DA:165,455
DA:166,455
DA:167,162
DA:171,144
DA:172,144
DA:175,55
DA:176,471
DA:177,471
DA:180,55
DA:181,55
DA:182,471
DA:183,477
DA:187,55
DA:192,8
DA:196,166
DA:197,166
DA:198,166
DA:200,166
DA:201,882
DA:202,882
DA:203,882
DA:204,777
DA:205,716
DA:206,716
DA:211,166
DA:216,8
DA:217,28
DA:218,28
DA:219,303
DA:222,28
DA:223,303
DA:224,284
DA:228,28
DA:229,28
DA:230,303
DA:233,28
DA:234,28
DA:235,303
DA:236,303
DA:237,303
DA:238,303
DA:239,284
DA:240,284
DA:241,284
DA:245,28
DA:259,8
DA:260,0
DA:261,0
DA:262,0
DA:263,0
DA:265,0
DA:266,0
DA:268,0
LF:133
LH:126
BRDA:38,0,0,2
BRDA:38,0,1,0
BRDA:38,1,0,2
BRDA:38,1,1,2
BRDA:46,2,0,7
BRDA:46,2,1,0
BRDA:48,3,0,5
BRDA:48,3,1,1
BRDA:76,4,0,491
BRDA:76,4,1,0
BRDA:78,5,0,0
BRDA:78,5,1,486
BRDA:79,6,0,411
BRDA:79,6,1,75
BRDA:82,7,0,7
BRDA:82,7,1,68
BRDA:87,8,0,484
BRDA:87,8,1,7
BRDA:101,9,0,80
BRDA:101,9,1,411
BRDA:135,10,0,482
BRDA:135,10,1,0
BRDA:138,11,0,464
BRDA:138,11,1,12
BRDA:138,12,0,476
BRDA:138,12,1,476
BRDA:155,13,0,455
BRDA:155,13,1,471
BRDA:157,14,0,471
BRDA:157,14,1,0
BRDA:158,15,0,327
BRDA:158,15,1,599
BRDA:166,16,0,162
BRDA:166,16,1,293
BRDA:202,17,0,882
BRDA:202,17,1,0
BRDA:204,18,0,716
BRDA:204,18,1,61
BRDA:204,19,0,777
BRDA:204,19,1,716
BRDA:224,20,0,284
BRDA:224,20,1,0
BRDA:230,21,0,32
BRDA:230,21,1,271
BRDA:237,22,0,303
BRDA:237,22,1,0
BRDA:241,23,0,271
BRDA:241,23,1,13
BRF:48
BRH:39
end_of_record
TN:
SF:src\core\pipeline.ts
FN:15,(anonymous_0)
FN:18,(anonymous_1)
FN:23,(anonymous_2)
FN:26,(anonymous_3)
FN:36,(anonymous_4)
FNF:5
FNH:5
FNDA:7,(anonymous_0)
FNDA:4,(anonymous_1)
FNDA:29,(anonymous_2)
FNDA:32,(anonymous_3)
FNDA:3,(anonymous_4)
DA:8,4
DA:15,7
DA:18,4
DA:19,4
DA:20,4
DA:23,4
DA:24,29
DA:26,4
DA:27,32
DA:28,8
DA:29,12
DA:30,10
DA:31,2
DA:32,0
DA:36,4
DA:37,3
LF:16
LH:15
BRDA:16,0,0,7
BRDA:16,0,1,0
BRDA:19,1,0,4
BRDA:19,1,1,0
BRDA:20,2,0,4
BRDA:20,2,1,1
BRDA:27,3,0,8
BRDA:27,3,1,12
BRDA:27,3,2,10
BRDA:27,3,3,2
BRDA:27,3,4,0
BRF:11
BRH:8
end_of_record
TN:
SF:src\core\tracker.ts
FN:10,(anonymous_0)
FN:44,(anonymous_1)
FN:62,(anonymous_2)
FN:111,(anonymous_3)
FN:122,(anonymous_4)
FN:128,(anonymous_5)
FN:142,(anonymous_6)
FN:165,(anonymous_7)
FN:191,(anonymous_8)
FN:195,(anonymous_9)
FN:196,(anonymous_10)
FNF:11
FNH:10
FNDA:67,(anonymous_0)
FNDA:29,(anonymous_1)
FNDA:28,(anonymous_2)
FNDA:11,(anonymous_3)
FNDA:11,(anonymous_4)
FNDA:11,(anonymous_5)
FNDA:0,(anonymous_6)
FNDA:77,(anonymous_7)
FNDA:6,(anonymous_8)
FNDA:3,(anonymous_9)
FNDA:7,(anonymous_10)
DA:10,7
DA:11,67
DA:12,67
DA:14,67
DA:44,7
DA:45,29
DA:62,28
DA:97,29
DA:98,29
DA:99,29
DA:100,29
DA:101,5
DA:106,29
DA:111,7
DA:114,11
DA:122,7
DA:127,11
DA:128,11
DA:129,11
DA:130,11
DA:131,11
DA:132,11
DA:133,11
DA:134,11
DA:137,11
DA:142,7
DA:165,77
DA:191,7
DA:195,6
DA:196,7
DA:198,6
LF:31
LH:31
BRDA:15,0,0,67
BRDA:15,0,1,0
BRDA:16,1,0,67
BRDA:16,1,1,7
BRDA:17,2,0,67
BRDA:17,2,1,7
BRDA:18,3,0,67
BRDA:18,3,1,7
BRDA:19,4,0,67
BRDA:19,4,1,7
BRDA:21,5,0,67
BRDA:21,5,1,7
BRDA:21,5,2,7
BRDA:22,6,0,67
BRDA:22,6,1,7
BRDA:22,6,2,7
BRDA:23,7,0,67
BRDA:23,7,1,7
BRDA:23,7,2,7
BRDA:24,8,0,67
BRDA:24,8,1,7
BRDA:24,8,2,7
BRDA:25,9,0,67
BRDA:25,9,1,7
BRDA:26,10,0,67
BRDA:26,10,1,7
BRDA:27,11,0,67
BRDA:27,11,1,7
BRDA:28,12,0,67
BRDA:28,12,1,7
BRDA:28,12,2,7
BRDA:29,13,0,67
BRDA:29,13,1,7
BRDA:29,13,2,7
BRDA:31,14,0,67
BRDA:31,14,1,0
BRDA:32,15,0,67
BRDA:32,15,1,7
BRDA:33,16,0,0
BRDA:33,16,1,67
BRDA:34,17,0,0
BRDA:34,17,1,0
BRDA:34,17,2,0
BRDA:35,18,0,0
BRDA:35,18,1,0
BRDA:35,18,2,0
BRDA:36,19,0,0
BRDA:36,19,1,0
BRDA:36,19,2,0
BRDA:37,20,0,0
BRDA:37,20,1,0
BRDA:80,21,0,0
BRDA:80,21,1,28
BRDA:81,22,0,0
BRDA:81,22,1,28
BRDA:82,23,0,0
BRDA:82,23,1,28
BRDA:83,24,0,0
BRDA:83,24,1,28
BRDA:86,25,0,1
BRDA:86,25,1,28
BRDA:97,26,0,29
BRDA:97,26,1,0
BRDA:100,27,0,5
BRDA:100,27,1,24
BRDA:129,28,0,0
BRDA:129,28,1,11
BRDA:131,29,0,2
BRDA:131,29,1,9
BRDA:132,30,0,1
BRDA:132,30,1,10
BRDA:133,31,0,5
BRDA:133,31,1,6
BRDA:166,32,0,77
BRDA:166,32,1,0
BRDA:167,33,0,77
BRDA:167,33,1,0
BRDA:168,34,0,77
BRDA:168,34,1,1
BRDA:169,35,0,77
BRDA:169,35,1,0
BRDA:170,36,0,77
BRDA:170,36,1,0
BRDA:175,37,0,77
BRDA:175,37,1,1
BRDA:176,38,0,77
BRDA:176,38,1,1
BRDA:177,39,0,77
BRDA:177,39,1,1
BRDA:178,40,0,77
BRDA:178,40,1,1
BRDA:179,41,0,77
BRDA:179,41,1,1
BRDA:180,42,0,77
BRDA:180,42,1,1
BRDA:182,43,0,77
BRDA:182,43,1,1
BRDA:185,44,0,0
BRDA:185,44,1,77
BRDA:186,45,0,0
BRDA:186,45,1,77
BRF:101
BRH:75
end_of_record
TN:
SF:src\dashboard\dashboard.ts
FN:19,(anonymous_0)
FN:66,(anonymous_1)
FN:67,(anonymous_2)
FN:71,(anonymous_3)
FNF:4
FNH:0
FNDA:0,(anonymous_0)
FNDA:0,(anonymous_1)
FNDA:0,(anonymous_2)
FNDA:0,(anonymous_3)
DA:19,0
DA:20,0
DA:21,0
DA:23,0
DA:24,0
DA:25,0
DA:26,0
DA:27,0
DA:30,0
DA:31,0
DA:32,0
DA:33,0
DA:34,0
DA:35,0
DA:36,0
DA:39,0
DA:40,0
DA:41,0
DA:42,0
DA:43,0
DA:44,0
DA:45,0
DA:48,0
DA:49,0
DA:50,0
DA:51,0
DA:55,0
DA:56,0
DA:57,0
DA:60,0
DA:64,0
DA:65,0
DA:66,0
DA:67,0
DA:69,0
DA:70,0
DA:71,0
DA:72,0
DA:73,0
DA:75,0
DA:76,0
DA:78,0
DA:81,0
DA:82,0
DA:84,0
LF:45
LH:0
BRDA:40,0,0,0
BRDA:40,0,1,0
BRDA:48,1,0,0
BRDA:48,1,1,0
BRDA:51,2,0,0
BRDA:51,2,1,0
BRDA:52,3,0,0
BRDA:52,3,1,0
BRDA:53,4,0,0
BRDA:53,4,1,0
BRDA:56,5,0,0
BRDA:56,5,1,0
BRDA:64,6,0,0
BRDA:64,6,1,0
BRDA:72,7,0,0
BRDA:72,7,1,0
BRDA:75,8,0,0
BRDA:75,8,1,0
BRDA:81,9,0,0
BRDA:81,9,1,0
BRF:20
BRH:0
end_of_record
TN:
SF:src\dashboard\doc-section.ts
FN:6,(anonymous_0)
FNF:1
FNH:0
FNDA:0,(anonymous_0)
DA:6,0
DA:471,0
DA:625,0
LF:3
LH:0
BRF:0
BRH:0
end_of_record
TN:
SF:src\dashboard\html-report.ts
FN:11,(anonymous_0)
FN:48,(anonymous_1)
FN:60,(anonymous_2)
FN:80,(anonymous_3)
FN:87,(anonymous_4)
FN:90,(anonymous_5)
FN:92,(anonymous_6)
FN:124,(anonymous_7)
FN:140,(anonymous_8)
FN:141,(anonymous_9)
FN:154,(anonymous_10)
FN:160,(anonymous_11)
FN:171,(anonymous_12)
FN:172,(anonymous_13)
FN:173,(anonymous_14)
FN:175,(anonymous_15)
FN:216,(anonymous_16)
FN:220,(anonymous_17)
FN:244,(anonymous_18)
FN:322,(anonymous_19)
FN:327,(anonymous_20)
FN:329,(anonymous_21)
FN:330,(anonymous_22)
FN:359,(anonymous_23)
FN:388,(anonymous_24)
FN:389,(anonymous_25)
FN:446,(anonymous_26)
FN:455,(anonymous_27)
FN:461,(anonymous_28)
FN:464,(anonymous_29)
FN:468,(anonymous_30)
FN:765,(anonymous_31)
FN:770,(anonymous_32)
FN:776,(anonymous_33)
FN:815,(anonymous_34)
FN:853,(anonymous_35)
FN:873,(anonymous_36)
FN:876,(anonymous_37)
FN:879,(anonymous_38)
FNF:39
FNH:34
FNDA:0,(anonymous_0)
FNDA:0,(anonymous_1)
FNDA:6,(anonymous_2)
FNDA:60,(anonymous_3)
FNDA:0,(anonymous_4)
FNDA:6,(anonymous_5)
FNDA:24,(anonymous_6)
FNDA:12,(anonymous_7)
FNDA:30,(anonymous_8)
FNDA:12,(anonymous_9)
FNDA:12,(anonymous_10)
FNDA:6,(anonymous_11)
FNDA:30,(anonymous_12)
FNDA:6,(anonymous_13)
FNDA:6,(anonymous_14)
FNDA:6,(anonymous_15)
FNDA:6,(anonymous_16)
FNDA:6,(anonymous_17)
FNDA:6,(anonymous_18)
FNDA:6,(anonymous_19)
FNDA:6,(anonymous_20)
FNDA:6,(anonymous_21)
FNDA:6,(anonymous_22)
FNDA:6,(anonymous_23)
FNDA:6,(anonymous_24)
FNDA:6,(anonymous_25)
FNDA:0,(anonymous_26)
FNDA:6,(anonymous_27)
FNDA:6,(anonymous_28)
FNDA:6,(anonymous_29)
FNDA:6,(anonymous_30)
FNDA:6,(anonymous_31)
FNDA:0,(anonymous_32)
FNDA:6,(anonymous_33)
FNDA:24,(anonymous_34)
FNDA:6,(anonymous_35)
FNDA:102,(anonymous_36)
FNDA:30,(anonymous_37)
FNDA:12,(anonymous_38)
DA:11,1
DA:12,0
DA:13,0
DA:15,0
DA:48,1
DA:49,0
DA:50,0
DA:51,0
DA:52,0
DA:60,1
DA:61,6
DA:62,6
DA:63,6
DA:64,6
DA:66,6
DA:70,6
DA:80,60
DA:87,1
DA:88,0
DA:90,1
DA:91,6
DA:92,6
DA:93,24
DA:94,24
DA:104,6
DA:124,1
DA:125,12
DA:126,12
DA:127,12
DA:128,12
DA:130,12
DA:131,30
DA:132,12
DA:133,12
DA:134,12
DA:135,12
DA:136,12
DA:139,12
DA:140,30
DA:141,12
DA:144,12
DA:154,1
DA:155,12
DA:156,12
DA:157,12
DA:160,1
DA:161,6
DA:162,6
DA:164,6
DA:165,6
DA:166,6
DA:169,6
DA:170,6
DA:171,30
DA:172,6
DA:173,6
DA:175,6
DA:176,6
DA:185,6
DA:216,1
DA:217,6
DA:218,6
DA:220,6
DA:222,6
DA:244,1
DA:245,6
DA:251,6
DA:257,6
DA:261,6
DA:265,6
DA:269,6
DA:273,6
DA:274,6
DA:275,6
DA:279,6
DA:283,6
DA:287,6
DA:291,6
DA:322,1
DA:323,6
DA:324,6
DA:327,6
DA:329,6
DA:330,6
DA:331,6
DA:332,6
DA:335,6
DA:339,6
DA:350,6
DA:359,6
DA:388,1
DA:389,6
DA:390,6
DA:391,6
DA:392,6
DA:393,6
DA:394,6
DA:395,6
DA:396,6
DA:409,6
DA:446,1
DA:455,1
DA:456,6
DA:457,6
DA:458,6
DA:461,6
DA:463,6
DA:464,6
DA:467,6
DA:468,6
DA:471,6
DA:765,1
DA:766,6
DA:767,6
DA:770,6
DA:771,0
DA:772,0
DA:773,0
DA:776,6
DA:777,6
DA:778,6
DA:779,0
DA:787,6
DA:788,6
DA:789,6
DA:794,6
DA:815,6
DA:816,24
DA:817,24
DA:827,6
DA:853,1
DA:854,6
DA:855,6
DA:857,6
DA:873,1
DA:874,102
DA:876,1
DA:877,30
DA:879,12
DA:884,1
DA:1243,1
DA:1336,1
DA:1681,1
LF:143
LH:131
BRDA:13,0,0,0
BRDA:13,0,1,0
BRDA:62,1,0,6
BRDA:62,1,1,0
BRDA:64,2,0,6
BRDA:64,2,1,0
BRDA:66,3,0,0
BRDA:66,3,1,6
BRDA:88,4,0,0
BRDA:88,4,1,0
BRDA:131,5,0,18
BRDA:131,5,1,12
BRDA:149,6,0,12
BRDA:149,6,1,0
BRDA:149,7,0,12
BRDA:149,7,1,0
BRDA:156,8,0,12
BRDA:156,8,1,0
BRDA:162,9,0,0
BRDA:162,9,1,6
BRDA:166,10,0,6
BRDA:166,10,1,0
BRDA:172,11,0,6
BRDA:172,11,1,0
BRDA:194,12,0,6
BRDA:194,12,1,0
BRDA:203,13,0,6
BRDA:203,13,1,0
BRDA:218,14,0,0
BRDA:218,14,1,6
BRDA:245,15,0,0
BRDA:245,15,1,6
BRDA:246,16,0,0
BRDA:246,16,1,6
BRDA:247,17,0,0
BRDA:247,17,1,6
BRDA:248,18,0,0
BRDA:248,18,1,6
BRDA:251,19,0,0
BRDA:251,19,1,6
BRDA:252,20,0,0
BRDA:252,20,1,6
BRDA:253,21,0,0
BRDA:253,21,1,6
BRDA:254,22,0,0
BRDA:254,22,1,6
BRDA:257,23,0,6
BRDA:257,23,1,0
BRDA:258,24,0,0
BRDA:258,24,1,6
BRDA:261,25,0,6
BRDA:261,25,1,0
BRDA:265,26,0,0
BRDA:265,26,1,6
BRDA:269,27,0,0
BRDA:269,27,1,6
BRDA:274,28,0,6
BRDA:274,28,1,6
BRDA:274,29,0,6
BRDA:274,29,1,6
BRDA:275,30,0,0
BRDA:275,30,1,6
BRDA:279,31,0,0
BRDA:279,31,1,6
BRDA:283,32,0,0
BRDA:283,32,1,6
BRDA:283,33,0,6
BRDA:283,33,1,0
BRDA:287,34,0,0
BRDA:287,34,1,6
BRDA:287,35,0,6
BRDA:287,35,1,0
BRDA:288,36,0,0
BRDA:288,36,1,0
BRDA:292,37,0,6
BRDA:292,37,1,0
BRDA:323,38,0,6
BRDA:323,38,1,0
BRDA:324,39,0,0
BRDA:324,39,1,6
BRDA:331,40,0,6
BRDA:331,40,1,0
BRDA:335,41,0,0
BRDA:335,41,1,6
BRDA:336,42,0,0
BRDA:336,42,1,6
BRDA:347,43,0,0
BRDA:347,43,1,6
BRDA:391,44,0,0
BRDA:391,44,1,6
BRDA:392,45,0,0
BRDA:392,45,1,6
BRDA:393,46,0,6
BRDA:393,46,1,0
BRDA:394,47,0,6
BRDA:394,47,1,0
BRDA:395,48,0,6
BRDA:395,48,1,0
BRDA:487,49,0,0
BRDA:487,49,1,6
BRDA:767,50,0,6
BRDA:767,50,1,0
BRDA:771,51,0,0
BRDA:771,51,1,0
BRDA:771,52,0,0
BRDA:771,52,1,0
BRDA:772,53,0,0
BRDA:772,53,1,0
BRDA:772,54,0,0
BRDA:772,54,1,0
BRDA:778,55,0,0
BRDA:778,55,1,6
BRDA:784,56,0,0
BRDA:784,56,1,0
BRDA:788,57,0,6
BRDA:788,57,1,0
BRDA:789,58,0,0
BRDA:789,58,1,6
BRDA:790,59,0,0
BRDA:790,59,1,6
BRDA:791,60,0,0
BRDA:791,60,1,6
BRDA:810,61,0,0
BRDA:810,61,1,6
BRDA:855,62,0,6
BRDA:855,62,1,0
BRDA:877,63,0,30
BRDA:877,63,1,0
BRDA:879,64,0,12
BRDA:879,64,1,0
BRF:130
BRH:60
end_of_record
TN:
SF:src\dashboard\module-readiness.ts
FN:11,(anonymous_0)
FNF:1
FNH:0
FNDA:0,(anonymous_0)
DA:11,0
DA:12,0
DA:13,0
DA:14,0
DA:15,0
DA:16,0
DA:19,0
DA:20,0
DA:21,0
DA:23,0
DA:24,0
DA:27,0
DA:30,0
DA:31,0
DA:32,0
DA:34,0
DA:35,0
DA:38,0
DA:41,0
DA:42,0
DA:43,0
DA:45,0
DA:46,0
DA:48,0
DA:51,0
DA:52,0
DA:55,0
DA:56,0
DA:57,0
DA:58,0
DA:59,0
DA:60,0
DA:62,0
DA:66,0
DA:67,0
DA:68,0
DA:69,0
DA:70,0
DA:71,0
DA:72,0
DA:73,0
DA:75,0
LF:42
LH:0
BRDA:20,0,0,0
BRDA:20,0,1,0
BRDA:31,1,0,0
BRDA:31,1,1,0
BRDA:45,2,0,0
BRDA:45,2,1,0
BRDA:57,3,0,0
BRDA:57,3,1,0
BRF:8
BRH:0
end_of_record
TN:
SF:src\dashboard\project-discovery.ts
FN:13,(anonymous_0)
FN:16,(anonymous_1)
FN:30,(anonymous_2)
FN:33,(anonymous_3)
FN:34,(anonymous_4)
FN:38,(anonymous_5)
FNF:6
FNH:6
FNDA:31,(anonymous_0)
FNDA:3,(anonymous_1)
FNDA:7,(anonymous_2)
FNDA:7,(anonymous_3)
FNDA:7,(anonymous_4)
FNDA:33,(anonymous_5)
DA:13,4
DA:16,31
DA:17,31
DA:18,28
DA:19,28
DA:20,26
DA:30,4
DA:31,7
DA:32,7
DA:33,7
DA:34,7
DA:38,4
DA:39,33
DA:40,33
DA:41,2
DA:42,2
LF:16
LH:16
BRDA:17,0,0,3
BRDA:17,0,1,28
BRDA:19,1,0,2
BRDA:19,1,1,26
BRDA:31,2,0,0
BRDA:31,2,1,7
BRDA:33,3,0,7
BRDA:33,3,1,7
BRDA:40,4,0,31
BRDA:40,4,1,2
BRDA:42,5,0,2
BRDA:42,5,1,0
BRF:12
BRH:10
end_of_record
TN:
SF:src\dashboard\report-builder.ts
FN:35,(anonymous_0)
FN:41,(anonymous_1)
FN:69,(anonymous_2)
FN:73,(anonymous_3)
FN:78,(anonymous_4)
FN:90,(anonymous_5)
FN:107,(anonymous_6)
FN:117,(anonymous_7)
FN:136,(anonymous_8)
FN:140,(anonymous_9)
FN:141,(anonymous_10)
FN:168,(anonymous_11)
FN:173,(anonymous_12)
FN:174,(anonymous_13)
FN:175,(anonymous_14)
FN:176,(anonymous_15)
FN:200,(anonymous_16)
FN:204,(anonymous_17)
FN:249,(anonymous_18)
FN:250,(anonymous_19)
FN:270,(anonymous_20)
FN:270,(anonymous_21)
FN:275,(anonymous_22)
FN:276,(anonymous_23)
FN:277,(anonymous_24)
FN:278,(anonymous_25)
FN:279,(anonymous_26)
FN:280,(anonymous_27)
FN:281,(anonymous_28)
FN:282,(anonymous_29)
FNF:30
FNH:25
FNDA:6,(anonymous_0)
FNDA:0,(anonymous_1)
FNDA:6,(anonymous_2)
FNDA:0,(anonymous_3)
FNDA:6,(anonymous_4)
FNDA:6,(anonymous_5)
FNDA:0,(anonymous_6)
FNDA:0,(anonymous_7)
FNDA:6,(anonymous_8)
FNDA:0,(anonymous_9)
FNDA:6,(anonymous_10)
FNDA:6,(anonymous_11)
FNDA:6,(anonymous_12)
FNDA:6,(anonymous_13)
FNDA:6,(anonymous_14)
FNDA:6,(anonymous_15)
FNDA:13,(anonymous_16)
FNDA:13,(anonymous_17)
FNDA:8,(anonymous_18)
FNDA:9,(anonymous_19)
FNDA:9,(anonymous_20)
FNDA:6,(anonymous_21)
FNDA:6,(anonymous_22)
FNDA:6,(anonymous_23)
FNDA:6,(anonymous_24)
FNDA:6,(anonymous_25)
FNDA:6,(anonymous_26)
FNDA:8,(anonymous_27)
FNDA:6,(anonymous_28)
FNDA:6,(anonymous_29)
DA:35,2
DA:39,6
DA:41,6
DA:44,6
DA:45,6
DA:46,6
DA:47,6
DA:48,0
DA:49,0
DA:50,0
DA:51,6
DA:56,6
DA:57,6
DA:61,6
DA:62,0
DA:65,6
DA:68,6
DA:69,6
DA:72,6
DA:74,0
DA:75,0
DA:76,0
DA:79,6
DA:80,6
DA:90,6
DA:102,6
DA:107,6
DA:117,6
DA:118,0
DA:119,0
DA:120,0
DA:121,0
DA:123,0
DA:125,6
DA:128,6
DA:136,6
DA:139,6
DA:140,0
DA:142,6
DA:143,6
DA:157,6
DA:159,6
DA:168,6
DA:173,6
DA:174,6
DA:175,6
DA:176,6
DA:200,2
DA:204,13
DA:205,13
DA:206,13
DA:207,54
DA:208,54
DA:209,18
DA:210,23
DA:211,3
DA:212,10
DA:215,13
DA:216,13
DA:217,13
DA:219,13
DA:249,2
DA:250,8
DA:251,9
DA:252,6
DA:253,6
DA:261,3
DA:270,9
DA:272,8
DA:275,6
DA:276,6
DA:277,6
DA:278,6
DA:279,6
DA:281,8
DA:282,8
DA:283,8
DA:287,8
LF:78
LH:65
BRDA:46,0,0,6
BRDA:46,0,1,6
BRDA:47,1,0,0
BRDA:47,1,1,0
BRDA:47,1,2,0
BRDA:47,1,3,6
BRDA:56,2,0,6
BRDA:56,2,1,6
BRDA:61,3,0,0
BRDA:61,3,1,6
BRDA:74,4,0,0
BRDA:74,4,1,0
BRDA:75,5,0,0
BRDA:75,5,1,0
BRDA:107,6,0,6
BRDA:107,6,1,6
BRDA:113,7,0,0
BRDA:113,7,1,0
BRDA:118,8,0,0
BRDA:118,8,1,0
BRDA:125,9,0,6
BRDA:125,9,1,6
BRDA:130,10,0,6
BRDA:130,10,1,6
BRDA:140,11,0,0
BRDA:140,11,1,0
BRDA:140,12,0,0
BRDA:140,12,1,0
BRDA:146,13,0,6
BRDA:146,13,1,0
BRDA:147,14,0,6
BRDA:147,14,1,6
BRDA:150,15,0,6
BRDA:150,15,1,0
BRDA:163,16,0,6
BRDA:163,16,1,6
BRDA:165,17,0,6
BRDA:165,17,1,6
BRDA:174,18,0,6
BRDA:174,18,1,6
BRDA:175,19,0,6
BRDA:175,19,1,6
BRDA:175,19,2,0
BRDA:194,20,0,0
BRDA:194,20,1,6
BRDA:207,21,0,54
BRDA:207,21,1,5
BRDA:208,22,0,18
BRDA:208,22,1,23
BRDA:208,22,2,3
BRDA:208,22,3,10
BRDA:215,23,0,13
BRDA:215,23,1,1
BRDA:217,24,0,13
BRDA:217,24,1,2
BRDA:232,25,0,13
BRDA:232,25,1,12
BRDA:251,26,0,6
BRDA:251,26,1,3
BRDA:257,27,0,6
BRDA:257,27,1,0
BRDA:264,28,0,3
BRDA:264,28,1,0
BRDA:265,29,0,9
BRDA:265,29,1,0
BRDA:283,30,0,6
BRDA:283,30,1,2
BRF:67
BRH:44
end_of_record
TN:
SF:src\generators\auto-contract.ts
FN:20,(anonymous_0)
FN:38,(anonymous_1)
FN:39,(anonymous_2)
FN:40,(anonymous_3)
FN:48,(anonymous_4)
FN:49,(anonymous_5)
FN:50,(anonymous_6)
FN:51,(anonymous_7)
FN:54,(anonymous_8)
FN:55,(anonymous_9)
FNF:10
FNH:10
FNDA:11,(anonymous_0)
FNDA:36,(anonymous_1)
FNDA:36,(anonymous_2)
FNDA:36,(anonymous_3)
FNDA:6,(anonymous_4)
FNDA:6,(anonymous_5)
FNDA:6,(anonymous_6)
FNDA:6,(anonymous_7)
FNDA:12,(anonymous_8)
FNDA:12,(anonymous_9)
DA:20,6
DA:21,11
DA:23,11
DA:24,11
DA:27,10
DA:28,10
DA:31,10
DA:37,10
DA:38,36
DA:39,36
DA:40,36
DA:41,10
DA:42,10
DA:46,11
DA:48,6
DA:49,6
DA:50,6
DA:51,6
DA:54,12
DA:55,12
DA:62,11
DA:66,11
LF:22
LH:22
BRDA:21,0,0,11
BRDA:24,1,0,1
BRDA:24,1,1,10
BRDA:42,2,0,6
BRDA:42,2,1,4
BRDA:62,3,0,0
BRDA:62,3,1,10
BRDA:63,4,0,0
BRDA:63,4,1,0
BRDA:68,5,0,11
BRDA:68,5,1,4
BRF:11
BRH:8
end_of_record
TN:
SF:src\generators\codebase-scanner.ts
FN:10,(anonymous_0)
FN:17,(anonymous_1)
FN:57,(anonymous_2)
FN:58,(anonymous_3)
FN:60,(anonymous_4)
FN:62,(anonymous_5)
FN:71,(anonymous_6)
FN:77,(anonymous_7)
FN:94,(anonymous_8)
FN:103,(anonymous_9)
FN:118,(anonymous_10)
FN:128,(anonymous_11)
FN:134,(anonymous_12)
FN:144,(anonymous_13)
FN:160,(anonymous_14)
FN:176,(anonymous_15)
FNF:16
FNH:14
FNDA:12,(anonymous_0)
FNDA:12,(anonymous_1)
FNDA:12,(anonymous_2)
FNDA:42,(anonymous_3)
FNDA:12,(anonymous_4)
FNDA:24,(anonymous_5)
FNDA:10,(anonymous_6)
FNDA:7,(anonymous_7)
FNDA:0,(anonymous_8)
FNDA:36,(anonymous_9)
FNDA:10,(anonymous_10)
FNDA:0,(anonymous_11)
FNDA:6,(anonymous_12)
FNDA:12,(anonymous_13)
FNDA:12,(anonymous_14)
FNDA:6,(anonymous_15)
DA:10,12
DA:17,6
DA:18,12
DA:19,12
DA:20,12
DA:21,12
DA:22,12
DA:23,30
DA:24,30
DA:25,30
DA:27,12
DA:28,12
DA:30,0
DA:43,6
DA:52,6
DA:57,6
DA:58,42
DA:60,6
DA:61,12
DA:62,24
DA:71,6
DA:72,10
DA:73,10
DA:75,10
DA:77,7
DA:78,7
DA:79,7
DA:80,0
DA:81,0
DA:82,0
DA:83,0
DA:84,0
DA:85,0
DA:90,7
DA:91,7
DA:94,6
DA:95,0
DA:96,0
DA:97,0
DA:98,0
DA:100,0
DA:103,6
DA:104,36
DA:105,0
DA:106,0
DA:108,36
DA:118,6
DA:125,10
DA:126,10
DA:128,10
DA:129,0
DA:130,0
DA:134,10
DA:135,6
DA:136,6
DA:137,6
DA:138,0
DA:140,6
DA:144,10
DA:145,12
DA:146,0
DA:150,12
DA:151,12
DA:152,12
DA:153,12
DA:154,0
DA:156,12
DA:160,10
DA:161,12
DA:162,6
DA:166,6
DA:167,6
DA:168,6
DA:169,12
DA:170,0
DA:172,6
DA:176,10
DA:177,6
DA:178,6
DA:179,6
DA:180,0
DA:182,6
DA:185,10
LF:83
LH:62
BRDA:17,0,0,12
BRDA:20,1,0,0
BRDA:20,1,1,12
BRDA:20,2,0,12
BRDA:20,2,1,12
BRDA:23,3,0,18
BRDA:23,3,1,12
BRDA:24,4,0,0
BRDA:24,4,1,30
BRDA:27,5,0,0
BRDA:27,5,1,12
BRDA:61,6,0,12
BRDA:61,6,1,6
BRDA:61,6,2,12
BRDA:75,7,0,3
BRDA:75,7,1,7
BRDA:81,8,0,0
BRDA:81,8,1,0
BRDA:82,9,0,0
BRDA:82,9,1,0
BRDA:82,10,0,0
BRDA:82,10,1,0
BRDA:82,10,2,0
BRDA:84,11,0,0
BRDA:84,11,1,0
BRDA:96,12,0,0
BRDA:96,12,1,0
BRDA:106,13,0,0
BRDA:106,13,1,0
BRDA:126,14,0,10
BRDA:126,14,1,6
BRDA:137,15,0,0
BRDA:137,15,1,6
BRDA:145,16,0,0
BRDA:145,16,1,12
BRDA:153,17,0,0
BRDA:153,17,1,12
BRDA:161,18,0,6
BRDA:161,18,1,6
BRDA:168,19,0,6
BRDA:168,19,1,6
BRDA:168,20,0,6
BRDA:168,20,1,0
BRDA:169,21,0,0
BRDA:169,21,1,12
BRDA:178,22,0,6
BRDA:178,22,1,0
BRDA:179,23,0,0
BRDA:179,23,1,6
BRF:49
BRH:26
end_of_record
TN:
SF:src\generators\spec-parser.ts
FN:27,(anonymous_0)
FN:33,(anonymous_1)
FN:50,(anonymous_2)
FN:58,(anonymous_3)
FN:63,(anonymous_4)
FN:70,(anonymous_5)
FN:88,(anonymous_6)
FN:107,(anonymous_7)
FN:145,(anonymous_8)
FN:176,(anonymous_9)
FN:203,(anonymous_10)
FNF:11
FNH:11
FNDA:11,(anonymous_0)
FNDA:23,(anonymous_1)
FNDA:23,(anonymous_2)
FNDA:23,(anonymous_3)
FNDA:92,(anonymous_4)
FNDA:23,(anonymous_5)
FNDA:16,(anonymous_6)
FNDA:23,(anonymous_7)
FNDA:23,(anonymous_8)
FNDA:16,(anonymous_9)
FNDA:23,(anonymous_10)
DA:27,8
DA:28,11
DA:29,10
DA:30,10
DA:33,8
DA:34,23
DA:50,8
DA:52,23
DA:54,23
DA:55,23
DA:58,8
DA:59,23
DA:60,23
DA:63,8
DA:64,92
DA:65,92
DA:70,8
DA:71,23
DA:74,23
DA:77,23
DA:78,12
DA:79,12
DA:82,12
DA:83,12
DA:84,12
DA:86,12
DA:87,12
DA:88,16
DA:91,12
DA:102,23
DA:107,8
DA:108,23
DA:111,23
DA:112,23
DA:114,7
DA:117,7
DA:120,7
DA:121,15
DA:122,15
DA:123,15
DA:124,15
DA:126,15
DA:127,15
DA:128,0
DA:130,15
DA:140,7
DA:145,8
DA:146,23
DA:149,23
DA:150,23
DA:152,16
DA:155,7
DA:158,7
DA:161,7
DA:162,14
DA:173,7
DA:176,8
DA:177,16
DA:178,16
DA:179,16
DA:181,1
DA:183,1
DA:186,1
DA:187,2
DA:198,1
DA:203,8
DA:204,23
DA:205,23
DA:208,23
DA:211,23
DA:212,12
DA:214,12
DA:215,12
DA:216,16
DA:217,16
DA:218,15
DA:219,15
DA:220,15
DA:221,15
DA:225,15
DA:237,23
LF:81
LH:80
BRDA:28,0,0,1
BRDA:28,0,1,10
BRDA:54,1,0,5
BRDA:54,1,1,18
BRDA:55,2,0,18
BRDA:55,2,1,5
BRDA:60,3,0,18
BRDA:60,3,1,5
BRDA:65,4,0,32
BRDA:65,4,1,60
BRDA:86,5,0,10
BRDA:86,5,1,2
BRDA:87,6,0,12
BRDA:87,6,1,0
BRDA:112,7,0,16
BRDA:112,7,1,7
BRDA:127,8,0,7
BRDA:127,8,1,8
BRDA:127,9,0,15
BRDA:127,9,1,15
BRDA:127,10,0,0
BRDA:127,10,1,8
BRDA:150,11,0,16
BRDA:150,11,1,7
BRDA:179,12,0,15
BRDA:179,12,1,1
BRDA:217,13,0,15
BRDA:217,13,1,1
BRDA:217,14,0,16
BRDA:217,14,1,16
BRDA:221,15,0,3
BRDA:221,15,1,12
BRDA:222,16,0,0
BRDA:222,16,1,12
BRF:34
BRH:31
end_of_record
TN:
SF:src\generators\codegen\api-generator.ts
FN:8,(anonymous_0)
FNF:1
FNH:1
FNDA:21,(anonymous_0)
DA:8,4
DA:9,21
DA:10,21
DA:12,21
DA:13,21
DA:14,21
DA:15,21
DA:16,21
DA:17,21
DA:19,21
DA:20,8
DA:21,8
DA:22,8
DA:23,8
DA:26,13
DA:28,13
DA:29,13
DA:30,13
DA:31,13
DA:33,13
DA:35,13
DA:36,8
DA:37,8
DA:39,5
DA:40,5
DA:43,13
DA:46,13
DA:47,13
DA:49,13
LF:29
LH:29
BRDA:19,0,0,8
BRDA:19,0,1,13
BRDA:31,1,0,8
BRDA:31,1,1,5
BRDA:35,2,0,8
BRDA:35,2,1,5
BRDA:43,3,0,0
BRDA:43,3,1,13
BRF:8
BRH:7
end_of_record
TN:
SF:src\generators\codegen\codegen-model.ts
FN:78,(anonymous_0)
FN:81,(anonymous_1)
FN:85,(anonymous_2)
FN:91,(anonymous_3)
FN:97,(anonymous_4)
FN:99,(anonymous_5)
FN:105,(anonymous_6)
FN:111,(anonymous_7)
FN:115,(anonymous_8)
FN:119,(anonymous_9)
FN:125,(anonymous_10)
FN:133,(anonymous_11)
FN:140,(anonymous_12)
FN:150,(anonymous_13)
FN:154,(anonymous_14)
FN:161,(anonymous_15)
FN:169,(anonymous_16)
FN:177,(anonymous_17)
FN:199,(anonymous_18)
FN:207,(anonymous_19)
FNF:20
FNH:20
FNDA:124,(anonymous_0)
FNDA:110,(anonymous_1)
FNDA:62,(anonymous_2)
FNDA:62,(anonymous_3)
FNDA:69,(anonymous_4)
FNDA:62,(anonymous_5)
FNDA:106,(anonymous_6)
FNDA:304,(anonymous_7)
FNDA:61,(anonymous_8)
FNDA:122,(anonymous_9)
FNDA:227,(anonymous_10)
FNDA:146,(anonymous_11)
FNDA:61,(anonymous_12)
FNDA:62,(anonymous_13)
FNDA:69,(anonymous_14)
FNDA:106,(anonymous_15)
FNDA:61,(anonymous_16)
FNDA:158,(anonymous_17)
FNDA:158,(anonymous_18)
FNDA:61,(anonymous_19)
DA:78,5
DA:79,124
DA:81,110
DA:85,5
DA:86,62
DA:87,62
DA:88,62
DA:91,5
DA:92,62
DA:93,62
DA:94,62
DA:97,5
DA:98,69
DA:99,62
DA:101,69
DA:102,69
DA:105,5
DA:106,106
DA:111,304
DA:112,106
DA:115,5
DA:117,61
DA:118,61
DA:119,122
DA:121,61
DA:122,61
DA:125,5
DA:126,227
DA:128,227
DA:130,72
DA:131,72
DA:132,72
DA:133,146
DA:136,72
DA:137,72
DA:140,5
DA:141,61
DA:145,61
DA:150,5
DA:151,62
DA:152,62
DA:154,69
DA:161,106
DA:169,62
DA:177,158
DA:185,62
DA:199,5
DA:200,158
DA:201,47
DA:202,97
DA:203,7
DA:207,5
DA:208,61
DA:209,61
DA:210,16
DA:211,16
DA:212,16
LF:57
LH:57
BRDA:87,0,0,0
BRDA:87,0,1,62
BRDA:93,1,0,0
BRDA:93,1,1,62
BRDA:101,2,0,0
BRDA:101,2,1,69
BRDA:111,3,0,106
BRDA:111,3,1,198
BRDA:112,4,0,106
BRDA:112,4,1,0
BRDA:121,5,0,0
BRDA:121,5,1,61
BRDA:128,6,0,155
BRDA:128,6,1,72
BRDA:131,7,0,0
BRDA:131,7,1,72
BRDA:133,8,0,72
BRDA:133,8,1,74
BRDA:136,9,0,0
BRDA:136,9,1,72
BRDA:137,10,0,0
BRDA:137,10,1,72
BRDA:178,11,0,158
BRDA:178,11,1,0
BRDA:181,12,0,158
BRDA:181,12,1,116
BRDA:200,13,0,47
BRDA:200,13,1,97
BRDA:200,13,2,7
BRDA:209,14,0,45
BRDA:209,14,1,16
BRDA:209,15,0,61
BRDA:209,15,1,16
BRDA:209,15,2,16
BRDA:210,16,0,0
BRDA:210,16,1,16
BRDA:210,17,0,16
BRDA:210,17,1,16
BRDA:211,18,0,0
BRDA:211,18,1,16
BRDA:211,19,0,16
BRDA:211,19,1,16
BRF:42
BRH:31
end_of_record
TN:
SF:src\generators\codegen\codegen-runner.ts
FN:23,(anonymous_0)
FN:42,(anonymous_1)
FN:97,(anonymous_2)
FN:98,(anonymous_3)
FN:107,(anonymous_4)
FN:121,(anonymous_5)
FN:171,(anonymous_6)
FNF:7
FNH:7
FNDA:18,(anonymous_0)
FNDA:90,(anonymous_1)
FNDA:90,(anonymous_2)
FNDA:90,(anonymous_3)
FNDA:13,(anonymous_4)
FNDA:6,(anonymous_5)
FNDA:90,(anonymous_6)
DA:23,3
DA:24,18
DA:31,18
DA:33,18
DA:41,18
DA:42,90
DA:45,18
DA:46,7
DA:48,7
DA:49,35
DA:50,5
DA:51,5
DA:54,30
DA:55,30
DA:57,30
DA:58,25
DA:59,25
DA:62,30
DA:63,30
DA:70,7
DA:73,7
DA:74,7
DA:75,7
DA:77,7
DA:86,7
DA:87,5
DA:90,11
DA:93,18
DA:97,90
DA:98,90
DA:101,18
DA:103,18
DA:107,3
DA:108,13
DA:114,13
DA:115,13
DA:117,13
DA:121,3
DA:126,6
DA:133,6
DA:135,6
DA:137,6
DA:138,5
DA:139,5
DA:140,5
DA:141,5
DA:144,6
DA:145,0
DA:146,0
DA:147,0
DA:148,0
DA:149,0
DA:150,0
DA:152,0
DA:153,0
DA:155,6
DA:156,1
DA:157,1
DA:158,1
DA:159,1
DA:160,0
DA:161,0
DA:163,1
DA:164,1
DA:168,5
DA:171,3
DA:172,90
DA:173,90
DA:174,90
DA:176,90
LF:70
LH:60
BRDA:45,0,0,7
BRDA:45,0,1,11
BRDA:49,1,0,5
BRDA:49,1,1,30
BRDA:57,2,0,25
BRDA:57,2,1,5
BRDA:86,3,0,5
BRDA:86,3,1,2
BRDA:86,4,0,7
BRDA:86,4,1,2
BRDA:137,5,0,5
BRDA:137,5,1,1
BRDA:144,6,0,0
BRDA:144,6,1,6
BRDA:155,7,0,1
BRDA:155,7,1,5
BRDA:174,8,0,90
BRDA:174,8,1,10
BRF:18
BRH:17
end_of_record
TN:
SF:src\generators\codegen\enrich-cli.ts
FN:16,(anonymous_0)
FNF:1
FNH:1
FNDA:1,(anonymous_0)
DA:14,3
DA:16,3
DA:20,1
DA:21,1
DA:22,1
DA:24,1
DA:26,1
DA:28,1
DA:38,0
DA:41,1
DA:42,1
DA:45,0
DA:48,0
DA:56,0
LF:14
LH:10
BRDA:20,0,0,1
BRDA:20,0,1,0
BRDA:26,1,0,0
BRDA:26,1,1,1
BRDA:38,2,0,0
BRDA:38,2,1,0
BRF:6
BRH:2
end_of_record
TN:
SF:src\generators\codegen\enrich-heuristics.ts
FN:25,(anonymous_0)
FN:28,(anonymous_1)
FN:29,(anonymous_2)
FN:30,(anonymous_3)
FN:39,(anonymous_4)
FN:48,(anonymous_5)
FN:73,(anonymous_6)
FN:74,(anonymous_7)
FNF:8
FNH:8
FNDA:73,(anonymous_0)
FNDA:929,(anonymous_1)
FNDA:342,(anonymous_2)
FNDA:104,(anonymous_3)
FNDA:58,(anonymous_4)
FNDA:20,(anonymous_5)
FNDA:34,(anonymous_6)
FNDA:51,(anonymous_7)
DA:9,3
DA:15,3
DA:20,3
DA:25,3
DA:26,73
DA:28,929
DA:29,342
DA:30,104
DA:33,8
DA:34,7
DA:36,6
DA:39,3
DA:40,58
DA:41,18
DA:42,18
DA:43,21
DA:44,1
DA:48,3
DA:49,20
DA:52,20
DA:53,71
DA:54,17
DA:55,17
DA:57,54
DA:58,54
DA:59,54
DA:64,20
DA:65,20
DA:71,20
DA:72,37
DA:74,51
DA:75,34
DA:76,34
DA:77,34
DA:81,37
DA:82,34
DA:87,20
DA:88,71
DA:89,71
DA:90,71
DA:94,20
LF:41
LH:41
BRDA:26,0,0,73
BRDA:26,0,1,17
BRDA:28,1,0,24
BRDA:28,1,1,49
BRDA:29,2,0,21
BRDA:29,2,1,28
BRDA:30,3,0,20
BRDA:30,3,1,8
BRDA:33,4,0,1
BRDA:33,4,1,7
BRDA:34,5,0,1
BRDA:34,5,1,6
BRDA:40,6,0,18
BRDA:40,6,1,18
BRDA:40,6,2,21
BRDA:40,6,3,1
BRDA:53,7,0,17
BRDA:53,7,1,54
BRDA:74,8,0,51
BRDA:74,8,1,17
BRDA:75,9,0,0
BRDA:75,9,1,34
BRDA:76,10,0,34
BRDA:76,10,1,0
BRDA:81,11,0,34
BRDA:81,11,1,3
BRDA:89,12,0,71
BRDA:89,12,1,0
BRDA:89,13,0,71
BRDA:89,13,1,71
BRF:30
BRH:27
end_of_record
TN:
SF:src\generators\codegen\enrich-model.ts
FN:29,(anonymous_0)
FNF:1
FNH:1
FNDA:21,(anonymous_0)
DA:29,21
LF:1
LH:1
BRF:0
BRH:0
end_of_record
TN:
SF:src\generators\codegen\enrich-prompt.ts
FN:11,(anonymous_0)
FN:31,(anonymous_1)
FN:34,(anonymous_2)
FN:38,(anonymous_3)
FN:41,(anonymous_4)
FN:49,(anonymous_5)
FN:64,(anonymous_6)
FNF:7
FNH:6
FNDA:3,(anonymous_0)
FNDA:4,(anonymous_1)
FNDA:16,(anonymous_2)
FNDA:4,(anonymous_3)
FNDA:8,(anonymous_4)
FNDA:4,(anonymous_5)
FNDA:0,(anonymous_6)
DA:11,3
DA:12,3
DA:31,3
DA:32,4
DA:34,16
DA:38,4
DA:41,8
DA:46,4
DA:49,3
DA:50,4
DA:51,4
DA:53,4
DA:55,4
DA:64,3
DA:68,0
DA:74,0
DA:75,0
DA:77,0
DA:80,0
DA:84,0
DA:85,0
DA:88,0
DA:92,0
DA:100,0
LF:24
LH:14
BRDA:36,0,0,16
BRDA:36,0,1,0
BRDA:50,1,0,4
BRDA:50,1,1,3
BRDA:51,2,0,4
BRDA:51,2,1,1
BRDA:56,3,0,4
BRDA:56,3,1,1
BRDA:57,4,0,4
BRDA:57,4,1,1
BRDA:58,5,0,4
BRDA:58,5,1,1
BRDA:59,6,0,4
BRDA:59,6,1,1
BRDA:60,7,0,4
BRDA:60,7,1,1
BRDA:70,8,0,0
BRDA:70,8,1,0
BRDA:80,9,0,0
BRDA:80,9,1,0
BRDA:85,10,0,0
BRDA:85,10,1,0
BRF:22
BRH:15
end_of_record
TN:
SF:src\generators\codegen\page-generator.ts
FN:8,(anonymous_0)
FNF:1
FNH:1
FNDA:21,(anonymous_0)
DA:8,4
DA:9,21
DA:10,21
DA:12,21
DA:13,21
DA:14,21
DA:17,21
DA:18,21
DA:19,21
DA:21,21
DA:22,21
DA:23,21
DA:26,21
DA:29,21
DA:30,21
DA:31,21
DA:32,21
DA:34,21
DA:35,26
DA:37,21
DA:38,14
DA:40,21
DA:43,21
DA:44,21
DA:47,21
DA:48,26
DA:49,26
DA:50,26
DA:51,26
DA:52,26
DA:56,21
DA:57,14
DA:58,14
DA:59,14
DA:60,14
DA:64,21
DA:65,21
DA:66,21
DA:67,21
DA:68,21
DA:69,21
DA:70,21
DA:71,21
DA:72,21
DA:73,21
DA:74,21
DA:75,21
DA:76,21
DA:79,21
DA:80,20
DA:81,20
DA:82,26
DA:83,26
DA:84,26
DA:85,26
DA:86,26
DA:87,26
DA:88,26
DA:89,26
DA:91,20
DA:94,21
DA:95,21
DA:96,21
DA:97,21
DA:98,21
DA:99,21
DA:101,21
LF:67
LH:67
BRDA:18,0,0,21
BRDA:18,0,1,0
BRDA:37,1,0,14
BRDA:37,1,1,7
BRDA:56,2,0,14
BRDA:56,2,1,7
BRDA:79,3,0,20
BRDA:79,3,1,1
BRF:8
BRH:7
end_of_record
TN:
SF:src\generators\codegen\store-generator.ts
FN:8,(anonymous_0)
FNF:1
FNH:1
FNDA:26,(anonymous_0)
DA:8,4
DA:9,26
DA:10,26
DA:12,26
DA:13,26
DA:14,26
DA:15,26
DA:16,26
DA:19,26
DA:20,19
DA:23,26
DA:26,26
DA:27,26
DA:28,36
DA:30,26
DA:31,19
DA:33,26
DA:34,26
DA:35,26
DA:38,26
DA:39,26
DA:40,26
DA:41,26
DA:42,51
DA:43,51
DA:44,51
DA:46,26
DA:47,26
DA:49,26
DA:50,26
DA:53,26
DA:54,26
DA:55,26
DA:58,26
DA:59,36
DA:60,36
DA:61,36
DA:62,11
DA:64,36
DA:65,36
DA:66,36
DA:67,36
DA:68,8
DA:70,28
DA:72,36
DA:73,36
DA:74,36
DA:75,36
DA:76,36
DA:77,36
DA:78,36
DA:82,26
DA:83,19
DA:84,19
DA:85,19
DA:86,19
DA:87,19
DA:88,8
DA:89,8
DA:92,19
DA:93,19
DA:94,19
DA:95,19
DA:96,19
DA:97,19
DA:98,19
DA:101,26
DA:102,26
DA:103,26
DA:105,26
LF:70
LH:70
BRDA:19,0,0,19
BRDA:19,0,1,7
BRDA:30,1,0,19
BRDA:30,1,1,7
BRDA:43,2,0,51
BRDA:43,2,1,32
BRDA:43,3,0,7
BRDA:43,3,1,25
BRDA:61,4,0,11
BRDA:61,4,1,25
BRDA:67,5,0,8
BRDA:67,5,1,28
BRDA:82,6,0,19
BRDA:82,6,1,7
BRDA:87,7,0,8
BRDA:87,7,1,11
BRF:16
BRH:16
end_of_record
TN:
SF:src\generators\codegen\test-generator.ts
FN:8,(anonymous_0)
FNF:1
FNH:1
FNDA:24,(anonymous_0)
DA:8,4
DA:9,24
DA:10,24
DA:12,24
DA:13,24
DA:14,24
DA:15,24
DA:16,24
DA:17,24
DA:19,24
DA:20,24
DA:21,24
DA:22,24
DA:23,24
DA:24,24
DA:25,43
DA:26,43
DA:27,43
DA:29,24
DA:30,24
DA:32,24
DA:33,24
DA:34,24
DA:37,24
DA:38,24
DA:39,24
DA:40,24
DA:42,24
DA:43,6
DA:44,15
DA:45,15
DA:46,15
DA:50,24
DA:51,24
DA:53,24
DA:54,24
DA:57,24
DA:58,32
DA:59,32
DA:60,32
DA:61,32
DA:62,32
DA:63,32
DA:64,32
DA:65,32
DA:66,32
DA:70,24
DA:71,24
DA:72,24
DA:73,24
DA:74,24
DA:75,24
DA:76,24
DA:78,24
DA:79,24
DA:81,24
LF:56
LH:56
BRDA:26,0,0,43
BRDA:26,0,1,28
BRDA:26,1,0,6
BRDA:26,1,1,22
BRDA:42,2,0,6
BRDA:42,2,1,18
BRDA:45,3,0,15
BRDA:45,3,1,0
BRF:8
BRH:7
end_of_record
TN:
SF:src\generators\codegen\type-generator.ts
FN:9,(anonymous_0)
FN:41,(anonymous_1)
FN:60,(anonymous_2)
FNF:3
FNH:3
FNDA:24,(anonymous_0)
FNDA:32,(anonymous_1)
FNDA:24,(anonymous_2)
DA:9,4
DA:10,24
DA:12,24
DA:13,24
DA:14,24
DA:17,24
DA:18,24
DA:19,24
DA:23,24
DA:24,24
DA:25,24
DA:26,24
DA:27,45
DA:28,45
DA:29,45
DA:31,24
DA:32,24
DA:33,24
DA:35,24
DA:36,24
DA:39,24
DA:40,23
DA:41,32
DA:42,23
DA:43,23
DA:47,24
DA:48,17
DA:49,17
DA:50,17
DA:51,17
DA:52,17
DA:53,17
DA:57,24
DA:60,4
DA:61,24
DA:62,24
DA:64,24
DA:66,24
DA:67,0
DA:68,0
DA:70,24
DA:71,6
DA:72,6
DA:75,18
DA:76,18
DA:79,24
DA:80,24
LF:47
LH:45
BRDA:28,0,0,45
BRDA:28,0,1,30
BRDA:28,1,0,6
BRDA:28,1,1,24
BRDA:32,2,0,15
BRDA:32,2,1,9
BRDA:39,3,0,23
BRDA:39,3,1,1
BRDA:47,4,0,17
BRDA:47,4,1,7
BRDA:66,5,0,0
BRDA:66,5,1,24
BRDA:70,6,0,6
BRDA:70,6,1,18
BRDA:70,7,0,24
BRDA:70,7,1,6
BRF:16
BRH:15
end_of_record
TN:
SF:src\migrate\migrate-claude.ts
FN:28,(anonymous_0)
FN:31,(anonymous_1)
FN:39,(anonymous_2)
FN:45,(anonymous_3)
FN:50,(anonymous_4)
FN:59,(anonymous_5)
FN:81,(anonymous_6)
FN:102,(anonymous_7)
FN:117,(anonymous_8)
FN:118,(anonymous_9)
FN:134,(anonymous_10)
FN:174,(anonymous_11)
FN:175,(anonymous_12)
FN:215,(anonymous_13)
FN:224,(anonymous_14)
FN:244,(anonymous_15)
FN:262,(anonymous_16)
FN:265,(anonymous_17)
FN:275,(anonymous_18)
FN:275,(anonymous_19)
FN:288,(anonymous_20)
FN:322,(anonymous_21)
FNF:22
FNH:9
FNDA:0,(anonymous_0)
FNDA:0,(anonymous_1)
FNDA:4,(anonymous_2)
FNDA:0,(anonymous_3)
FNDA:0,(anonymous_4)
FNDA:4,(anonymous_5)
FNDA:4,(anonymous_6)
FNDA:4,(anonymous_7)
FNDA:0,(anonymous_8)
FNDA:0,(anonymous_9)
FNDA:0,(anonymous_10)
FNDA:0,(anonymous_11)
FNDA:0,(anonymous_12)
FNDA:0,(anonymous_13)
FNDA:6,(anonymous_14)
FNDA:4,(anonymous_15)
FNDA:1,(anonymous_16)
FNDA:4,(anonymous_17)
FNDA:0,(anonymous_18)
FNDA:0,(anonymous_19)
FNDA:4,(anonymous_20)
FNDA:0,(anonymous_21)
DA:17,6
DA:20,6
DA:25,6
DA:28,6
DA:31,6
DA:32,0
DA:33,0
DA:34,0
DA:35,0
DA:39,6
DA:40,4
DA:41,4
DA:45,6
DA:46,0
DA:50,6
DA:53,6
DA:59,6
DA:60,4
DA:81,6
DA:82,4
DA:87,0
DA:88,0
DA:89,0
DA:92,0
DA:93,4
DA:94,0
DA:97,0
DA:102,6
DA:103,4
DA:104,4
DA:106,4
DA:107,4
DA:108,4
DA:110,4
DA:116,0
DA:117,0
DA:118,0
DA:121,0
DA:125,4
DA:134,6
DA:141,0
DA:143,0
DA:144,0
DA:146,0
DA:147,0
DA:149,0
DA:150,0
DA:154,0
DA:162,0
DA:164,0
DA:174,6
DA:175,0
DA:180,0
DA:181,0
DA:184,0
DA:185,0
DA:188,0
DA:193,0
DA:194,0
DA:195,0
DA:200,0
DA:203,0
DA:206,0
DA:207,0
DA:215,6
DA:216,0
DA:217,0
DA:224,6
DA:226,6
DA:227,6
DA:228,3
DA:232,3
DA:233,3
DA:234,2
DA:237,1
DA:244,6
DA:245,4
DA:248,4
DA:249,4
DA:250,3
DA:254,1
DA:259,6
DA:260,6
DA:262,6
DA:263,1
DA:264,1
DA:265,4
DA:266,1
DA:267,1
DA:269,1
DA:270,1
DA:271,1
DA:272,1
DA:275,6
DA:288,6
DA:297,4
DA:301,4
DA:302,4
DA:303,4
DA:305,4
DA:306,4
DA:307,4
DA:309,0
DA:310,0
DA:311,0
DA:312,0
DA:313,4
DA:317,0
DA:322,6
DA:323,0
DA:324,0
DA:325,0
DA:326,0
DA:329,0
DA:330,0
DA:333,0
DA:334,0
DA:335,0
DA:336,0
DA:339,0
DA:351,0
LF:121
LH:64
BRDA:34,0,0,0
BRDA:34,0,1,0
BRDA:34,1,0,0
BRDA:34,1,1,0
BRDA:34,1,2,0
BRDA:60,2,0,4
BRDA:60,2,1,0
BRDA:60,2,2,0
BRDA:82,3,0,4
BRDA:82,3,1,0
BRDA:87,4,0,0
BRDA:87,4,1,0
BRDA:87,5,0,0
BRDA:87,5,1,0
BRDA:92,6,0,0
BRDA:92,6,1,0
BRDA:93,7,0,0
BRDA:93,7,1,4
BRDA:103,8,0,4
BRDA:103,8,1,0
BRDA:104,9,0,0
BRDA:104,9,1,4
BRDA:121,10,0,0
BRDA:121,10,1,0
BRDA:138,11,0,0
BRDA:139,12,0,0
BRDA:140,13,0,0
BRDA:143,14,0,0
BRDA:143,14,1,0
BRDA:150,15,0,0
BRDA:150,15,1,0
BRDA:184,16,0,0
BRDA:184,16,1,0
BRDA:185,17,0,0
BRDA:185,17,1,0
BRDA:185,17,2,0
BRDA:188,18,0,0
BRDA:188,18,1,0
BRDA:194,19,0,0
BRDA:194,19,1,0
BRDA:194,20,0,0
BRDA:194,20,1,0
BRDA:194,20,2,0
BRDA:196,21,0,0
BRDA:196,21,1,0
BRDA:197,22,0,0
BRDA:197,22,1,0
BRDA:227,23,0,3
BRDA:227,23,1,3
BRDA:227,24,0,6
BRDA:227,24,1,4
BRDA:233,25,0,2
BRDA:233,25,1,1
BRDA:249,26,0,3
BRDA:249,26,1,1
BRDA:263,27,0,1
BRDA:263,27,1,0
BRDA:265,28,0,0
BRDA:265,28,1,1
BRDA:267,29,0,0
BRDA:267,29,1,1
BRDA:267,30,0,1
BRDA:267,30,1,0
BRDA:270,31,0,0
BRDA:270,31,1,1
BRDA:270,32,0,1
BRDA:270,32,1,1
BRDA:271,33,0,0
BRDA:271,33,1,1
BRDA:271,34,0,1
BRDA:271,34,1,0
BRDA:290,35,0,4
BRDA:293,36,0,4
BRDA:294,37,0,4
BRDA:295,38,0,4
BRDA:306,39,0,4
BRDA:306,39,1,0
BRDA:306,40,0,4
BRDA:306,40,1,1
BRDA:325,41,0,0
BRDA:325,41,1,0
BRDA:329,42,0,0
BRDA:329,42,1,0
BRDA:342,43,0,0
BRDA:342,43,1,0
BRF:85
BRH:29
end_of_record
TN:
SF:src\migrate\migrate-cleanup.ts
FN:40,(anonymous_0)
FN:70,(anonymous_1)
FN:75,(anonymous_2)
FN:94,(anonymous_3)
FN:113,(anonymous_4)
FNF:5
FNH:4
FNDA:4,(anonymous_0)
FNDA:2,(anonymous_1)
FNDA:2,(anonymous_2)
FNDA:0,(anonymous_3)
FNDA:1,(anonymous_4)
DA:25,1
DA:40,1
DA:41,4
DA:42,4
DA:44,3
DA:45,3
DA:46,4
DA:48,3
DA:49,3
DA:50,3
DA:51,3
DA:52,3
DA:53,4
DA:56,4
DA:57,4
DA:63,3
DA:70,1
DA:71,2
DA:72,2
DA:75,2
DA:79,2
DA:81,1
DA:83,1
DA:84,1
DA:85,1
DA:86,1
DA:87,1
DA:94,1
DA:95,1
DA:96,1
DA:97,1
DA:98,1
DA:99,1
DA:100,1
DA:107,1
DA:113,1
DA:114,1
DA:115,1
DA:117,1
DA:118,1
DA:119,1
DA:121,1
DA:122,1
DA:123,2
DA:130,2
DA:133,1
DA:134,1
DA:137,1
LF:48
LH:48
BRDA:42,0,0,1
BRDA:42,0,1,3
BRDA:46,1,0,0
BRDA:46,1,1,4
BRDA:51,2,0,3
BRDA:51,2,1,0
BRDA:51,3,0,3
BRDA:51,3,1,3
BRDA:53,4,0,4
BRDA:53,4,1,0
BRDA:56,5,0,4
BRDA:56,5,1,0
BRDA:79,6,0,1
BRDA:79,6,1,1
BRDA:98,7,0,1
BRDA:98,7,1,0
BRDA:115,8,0,0
BRDA:115,8,1,1
BRDA:119,9,0,0
BRDA:119,9,1,1
BRDA:133,10,0,1
BRDA:133,10,1,0
BRF:22
BRH:14
end_of_record
TN:
SF:src\migrate\migrate-context.ts
FN:27,(anonymous_0)
FN:71,(anonymous_1)
FN:77,(anonymous_2)
FN:98,(anonymous_3)
FN:112,(anonymous_4)
FN:155,(anonymous_5)
FN:161,(anonymous_6)
FN:171,(anonymous_7)
FN:182,(anonymous_8)
FN:198,(anonymous_9)
FN:201,(anonymous_10)
FN:205,(anonymous_11)
FN:211,(anonymous_12)
FNF:13
FNH:9
FNDA:4,(anonymous_0)
FNDA:10,(anonymous_1)
FNDA:2,(anonymous_2)
FNDA:6,(anonymous_3)
FNDA:3,(anonymous_4)
FNDA:0,(anonymous_5)
FNDA:0,(anonymous_6)
FNDA:0,(anonymous_7)
FNDA:0,(anonymous_8)
FNDA:9,(anonymous_9)
FNDA:7,(anonymous_10)
FNDA:3,(anonymous_11)
FNDA:3,(anonymous_12)
DA:27,4
DA:31,4
DA:32,4
DA:43,4
DA:44,4
DA:45,1
DA:49,4
DA:50,4
DA:51,4
DA:52,1
DA:56,4
DA:57,4
DA:58,1
DA:62,4
DA:63,0
DA:66,4
DA:71,4
DA:72,10
DA:73,10
DA:74,2
DA:77,4
DA:78,2
DA:80,2
DA:88,2
DA:89,10
DA:90,10
DA:93,2
DA:98,4
DA:99,6
DA:100,6
DA:101,6
DA:102,6
DA:104,3
DA:106,3
DA:107,3
DA:109,6
DA:112,4
DA:116,3
DA:118,3
DA:119,2
DA:123,1
DA:124,1
DA:127,1
DA:133,1
DA:134,3
DA:135,4
DA:136,4
DA:139,1
DA:155,4
DA:159,0
DA:161,0
DA:162,0
DA:164,0
DA:165,0
DA:166,0
DA:167,0
DA:169,0
DA:170,0
DA:171,0
DA:172,0
DA:176,0
DA:178,0
DA:182,4
DA:183,0
DA:184,0
DA:185,0
DA:187,0
DA:188,0
DA:189,0
DA:190,0
DA:193,0
DA:198,4
DA:199,9
DA:201,7
DA:205,4
DA:206,3
DA:207,3
DA:208,2
DA:211,4
DA:212,3
DA:213,3
DA:214,2
LF:82
LH:60
BRDA:44,0,0,1
BRDA:44,0,1,3
BRDA:51,1,0,1
BRDA:51,1,1,3
BRDA:57,2,0,1
BRDA:57,2,1,3
BRDA:62,3,0,0
BRDA:62,3,1,4
BRDA:62,4,0,4
BRDA:62,4,1,0
BRDA:73,5,0,8
BRDA:73,5,1,2
BRDA:90,6,0,2
BRDA:90,6,1,8
BRDA:102,7,0,3
BRDA:102,7,1,3
BRDA:107,8,0,2
BRDA:107,8,1,1
BRDA:118,9,0,2
BRDA:118,9,1,1
BRDA:118,10,0,3
BRDA:118,10,1,2
BRDA:133,11,0,1
BRDA:133,11,1,0
BRDA:136,12,0,2
BRDA:136,12,1,2
BRDA:159,13,0,0
BRDA:159,13,1,0
BRDA:162,14,0,0
BRDA:162,14,1,0
BRDA:171,15,0,0
BRDA:171,15,1,0
BRDA:171,16,0,0
BRDA:171,16,1,0
BRDA:188,17,0,0
BRDA:188,17,1,0
BRDA:189,18,0,0
BRDA:189,18,1,0
BRDA:190,19,0,0
BRDA:190,19,1,0
BRDA:207,20,0,1
BRDA:207,20,1,2
BRDA:213,21,0,1
BRDA:213,21,1,2
BRF:44
BRH:27
end_of_record
TN:
SF:src\migrate\migrate-cost.ts
FN:24,(anonymous_0)
FN:93,(anonymous_1)
FNF:2
FNH:1
FNDA:0,(anonymous_0)
FNDA:6,(anonymous_1)
DA:15,1
DA:24,1
DA:28,0
DA:29,0
DA:30,0
DA:31,0
DA:32,0
DA:35,0
DA:54,0
DA:57,0
DA:59,0
DA:93,1
DA:98,6
DA:99,6
DA:100,6
DA:102,6
DA:104,6
DA:106,18
DA:107,18
DA:108,18
DA:109,0
DA:110,0
DA:114,18
DA:115,18
DA:116,18
DA:117,18
DA:118,18
DA:121,18
DA:122,180
DA:123,0
DA:124,0
DA:125,0
DA:128,180
DA:129,180
DA:134,18
DA:135,18
DA:137,18
DA:140,18
DA:149,18
DA:150,18
DA:153,6
DA:156,6
LF:42
LH:28
BRDA:28,0,0,0
BRDA:28,0,1,0
BRDA:29,1,0,0
BRDA:29,1,1,0
BRDA:30,2,0,0
BRDA:30,2,1,0
BRDA:31,3,0,0
BRDA:31,3,1,0
BRDA:54,4,0,0
BRDA:54,4,1,0
BRDA:96,5,0,6
BRDA:102,6,0,6
BRDA:102,6,1,0
BRDA:108,7,0,0
BRDA:108,7,1,18
BRDA:116,8,0,18
BRDA:116,8,1,18
BRDA:117,9,0,18
BRDA:117,9,1,18
BRDA:122,10,0,0
BRDA:122,10,1,180
BRF:21
BRH:8
end_of_record
TN:
SF:src\migrate\migrate-prompts.ts
FN:31,(anonymous_0)
FN:53,(anonymous_1)
FN:108,(anonymous_2)
FN:141,(anonymous_3)
FN:183,(anonymous_4)
FN:215,(anonymous_5)
FN:249,(anonymous_6)
FN:266,(anonymous_7)
FN:299,(anonymous_8)
FN:339,(anonymous_9)
FN:376,(anonymous_10)
FN:407,(anonymous_11)
FN:439,(anonymous_12)
FN:469,(anonymous_13)
FNF:14
FNH:14
FNDA:2,(anonymous_0)
FNDA:4,(anonymous_1)
FNDA:2,(anonymous_2)
FNDA:2,(anonymous_3)
FNDA:1,(anonymous_4)
FNDA:1,(anonymous_5)
FNDA:5,(anonymous_6)
FNDA:1,(anonymous_7)
FNDA:1,(anonymous_8)
FNDA:1,(anonymous_9)
FNDA:2,(anonymous_10)
FNDA:1,(anonymous_11)
FNDA:1,(anonymous_12)
FNDA:1,(anonymous_13)
DA:11,5
DA:31,5
DA:32,2
DA:53,5
DA:54,4
DA:81,4
DA:82,4
DA:85,4
DA:86,1
DA:95,4
DA:96,4
DA:97,1
DA:98,1
DA:99,1
DA:103,4
DA:108,5
DA:109,2
DA:124,2
DA:125,1
DA:128,2
DA:129,2
DA:130,0
DA:131,0
DA:132,0
DA:136,2
DA:141,5
DA:147,2
DA:169,2
DA:170,2
DA:173,2
DA:174,0
DA:178,2
DA:183,5
DA:188,1
DA:206,1
DA:207,0
DA:210,1
DA:215,5
DA:222,1
DA:247,1
DA:248,1
DA:249,5
DA:252,1
DA:253,0
DA:257,1
DA:258,0
DA:261,1
DA:266,5
DA:273,1
DA:294,1
DA:299,5
DA:305,1
DA:330,1
DA:331,0
DA:334,1
DA:339,5
DA:344,1
DA:371,1
DA:376,5
DA:382,2
DA:396,2
DA:397,1
DA:400,2
DA:402,2
DA:407,5
DA:413,1
DA:434,1
DA:439,5
DA:443,1
DA:464,1
DA:469,5
DA:473,1
DA:497,1
DA:498,1
DA:501,1
DA:502,1
DA:505,1
DA:506,1
DA:507,2
DA:510,1
LF:80
LH:72
BRDA:81,0,0,4
BRDA:81,0,1,0
BRDA:85,1,0,1
BRDA:85,1,1,3
BRDA:96,2,0,1
BRDA:96,2,1,3
BRDA:124,3,0,1
BRDA:124,3,1,1
BRDA:129,4,0,0
BRDA:129,4,1,2
BRDA:169,5,0,2
BRDA:169,5,1,0
BRDA:173,6,0,0
BRDA:173,6,1,2
BRDA:206,7,0,0
BRDA:206,7,1,1
BRDA:247,8,0,1
BRDA:247,8,1,0
BRDA:252,9,0,0
BRDA:252,9,1,1
BRDA:257,10,0,0
BRDA:257,10,1,1
BRDA:330,11,0,0
BRDA:330,11,1,1
BRDA:396,12,0,1
BRDA:396,12,1,1
BRDA:497,13,0,1
BRDA:497,13,1,0
BRDA:501,14,0,1
BRDA:501,14,1,0
BRF:30
BRH:19
end_of_record
TN:
SF:src\migrate\migrate-runner.ts
FN:37,(anonymous_0)
FN:52,(anonymous_1)
FN:68,(anonymous_2)
FN:78,(anonymous_3)
FN:84,(anonymous_4)
FN:136,(anonymous_5)
FN:150,(anonymous_6)
FN:151,(anonymous_7)
FN:217,(anonymous_8)
FN:218,(anonymous_9)
FN:219,(anonymous_10)
FN:220,(anonymous_11)
FN:241,(anonymous_12)
FN:275,(anonymous_13)
FN:275,(anonymous_14)
FN:328,(anonymous_15)
FN:342,(anonymous_16)
FN:375,(anonymous_17)
FN:594,(anonymous_18)
FN:619,(anonymous_19)
FN:632,(anonymous_20)
FN:713,(anonymous_21)
FN:722,(anonymous_22)
FN:734,(anonymous_23)
FN:747,(anonymous_24)
FN:773,(anonymous_25)
FN:790,(anonymous_26)
FNF:27
FNH:25
FNDA:30,(anonymous_0)
FNDA:8,(anonymous_1)
FNDA:0,(anonymous_2)
FNDA:13,(anonymous_3)
FNDA:8,(anonymous_4)
FNDA:8,(anonymous_5)
FNDA:8,(anonymous_6)
FNDA:8,(anonymous_7)
FNDA:8,(anonymous_8)
FNDA:8,(anonymous_9)
FNDA:8,(anonymous_10)
FNDA:8,(anonymous_11)
FNDA:5,(anonymous_12)
FNDA:5,(anonymous_13)
FNDA:5,(anonymous_14)
FNDA:8,(anonymous_15)
FNDA:78,(anonymous_16)
FNDA:8,(anonymous_17)
FNDA:70,(anonymous_18)
FNDA:1,(anonymous_19)
FNDA:0,(anonymous_20)
FNDA:3,(anonymous_21)
FNDA:2,(anonymous_22)
FNDA:3,(anonymous_23)
FNDA:1,(anonymous_24)
FNDA:225,(anonymous_25)
FNDA:78,(anonymous_26)
DA:37,3
DA:38,30
DA:39,30
DA:40,30
DA:41,30
DA:42,30
DA:43,30
DA:44,30
DA:45,30
DA:46,30
DA:52,3
DA:53,8
DA:54,0
DA:55,0
DA:56,0
DA:57,0
DA:62,3
DA:68,3
DA:69,0
DA:70,0
DA:71,0
DA:78,3
DA:79,13
DA:84,3
DA:90,8
DA:91,8
DA:92,8
DA:94,8
DA:97,8
DA:98,6
DA:99,6
DA:100,6
DA:102,6
DA:103,6
DA:104,6
DA:108,8
DA:109,6
DA:110,6
DA:111,0
DA:116,8
DA:117,8
DA:120,8
DA:121,8
DA:122,0
DA:125,8
DA:126,8
DA:127,8
DA:130,8
DA:131,8
DA:132,0
DA:133,0
DA:135,8
DA:136,8
DA:139,8
DA:140,8
DA:141,8
DA:147,8
DA:148,8
DA:150,8
DA:151,8
DA:154,8
DA:155,0
DA:156,0
DA:159,8
DA:160,5
DA:162,5
DA:163,5
DA:164,5
DA:166,5
DA:170,8
DA:171,5
DA:173,5
DA:174,5
DA:175,5
DA:177,0
DA:182,8
DA:183,8
DA:185,8
DA:186,6
DA:187,5
DA:189,5
DA:190,5
DA:191,5
DA:192,5
DA:194,5
DA:200,0
DA:206,8
DA:207,8
DA:208,8
DA:209,0
DA:210,0
DA:213,8
DA:215,8
DA:217,8
DA:218,8
DA:219,8
DA:220,8
DA:227,8
DA:228,8
DA:231,8
DA:232,8
DA:235,8
DA:238,8
DA:239,5
DA:240,5
DA:241,5
DA:242,5
DA:243,5
DA:244,5
DA:245,5
DA:246,5
DA:247,5
DA:248,0
DA:249,0
DA:255,5
DA:256,5
DA:257,5
DA:258,0
DA:259,0
DA:260,0
DA:262,5
DA:263,5
DA:271,8
DA:272,5
DA:273,5
DA:274,5
DA:275,5
DA:276,5
DA:277,5
DA:278,5
DA:286,8
DA:287,3
DA:288,3
DA:290,3
DA:291,3
DA:293,3
DA:294,3
DA:296,3
DA:297,3
DA:299,3
DA:301,3
DA:302,3
DA:304,1
DA:305,1
DA:309,8
DA:328,3
DA:333,8
DA:334,8
DA:335,8
DA:336,8
DA:337,8
DA:340,8
DA:342,78
DA:344,8
DA:348,8
DA:349,8
DA:350,8
DA:351,8
DA:353,8
DA:354,0
DA:355,0
DA:356,0
DA:358,0
DA:359,0
DA:375,8
DA:376,8
DA:378,8
DA:381,0
DA:382,0
DA:383,0
DA:384,0
DA:385,0
DA:389,0
DA:390,0
DA:393,0
DA:394,0
DA:396,0
DA:412,8
DA:413,0
DA:414,0
DA:415,0
DA:416,0
DA:419,8
DA:421,8
DA:422,8
DA:423,8
DA:424,8
DA:425,7
DA:426,7
DA:427,7
DA:428,7
DA:432,7
DA:433,7
DA:434,7
DA:435,7
DA:436,7
DA:437,7
DA:438,7
DA:442,7
DA:443,7
DA:444,7
DA:445,7
DA:446,7
DA:447,7
DA:448,7
DA:449,7
DA:452,0
DA:453,0
DA:454,0
DA:455,0
DA:458,0
DA:459,0
DA:460,0
DA:461,0
DA:462,0
DA:463,0
DA:464,0
DA:468,7
DA:469,0
DA:473,7
DA:474,7
DA:475,7
DA:476,7
DA:477,7
DA:478,7
DA:479,7
DA:480,7
DA:484,7
DA:485,7
DA:486,7
DA:487,7
DA:488,7
DA:489,7
DA:490,7
DA:491,7
DA:495,7
DA:496,7
DA:497,7
DA:498,7
DA:499,7
DA:500,7
DA:501,7
DA:502,7
DA:506,7
DA:507,7
DA:508,7
DA:509,7
DA:510,7
DA:511,7
DA:512,7
DA:513,7
DA:517,7
DA:518,7
DA:519,7
DA:520,7
DA:521,7
DA:522,7
DA:524,7
DA:525,7
DA:526,7
DA:530,7
DA:531,7
DA:532,7
DA:533,7
DA:534,7
DA:535,7
DA:536,7
DA:537,7
DA:541,7
DA:542,7
DA:543,7
DA:544,7
DA:545,7
DA:546,7
DA:547,7
DA:548,7
DA:551,7
DA:552,0
DA:554,7
DA:555,7
DA:559,7
DA:560,5
DA:561,5
DA:562,5
DA:563,5
DA:564,0
DA:565,0
DA:566,0
DA:567,0
DA:571,5
DA:576,5
DA:581,7
DA:582,7
DA:583,7
DA:584,8
DA:585,8
DA:586,7
DA:588,7
DA:594,70
DA:603,1
DA:604,1
DA:605,1
DA:606,1
DA:607,1
DA:609,1
DA:610,1
DA:611,1
DA:613,1
DA:619,1
DA:632,3
DA:637,0
DA:638,0
DA:640,0
DA:641,0
DA:643,0
DA:644,0
DA:646,0
DA:647,0
DA:649,0
DA:650,0
DA:659,0
DA:660,0
DA:661,0
DA:662,0
DA:664,0
DA:666,0
DA:667,0
DA:668,0
DA:669,0
DA:670,0
DA:671,0
DA:672,0
DA:673,0
DA:679,0
DA:680,0
DA:682,0
DA:683,0
DA:684,0
DA:685,0
DA:686,0
DA:688,0
DA:691,0
DA:694,0
DA:696,0
DA:713,3
DA:714,3
DA:715,3
DA:717,3
DA:718,2
DA:722,2
DA:729,3
DA:734,3
DA:740,3
DA:741,3
DA:742,1
DA:745,2
DA:747,2
DA:748,1
DA:751,1
DA:768,1
DA:773,3
DA:779,225
DA:780,70
DA:790,3
DA:791,78
DA:792,78
LF:366
LH:274
BRDA:43,0,0,2
BRDA:43,0,1,28
BRDA:44,1,0,3
BRDA:44,1,1,27
BRDA:44,2,0,30
BRDA:44,2,1,28
BRDA:53,3,0,8
BRDA:53,3,1,0
BRDA:69,4,0,0
BRDA:69,4,1,0
BRDA:69,5,0,0
BRDA:69,5,1,0
BRDA:97,6,0,6
BRDA:97,6,1,2
BRDA:97,7,0,8
BRDA:97,7,1,6
BRDA:99,8,0,6
BRDA:99,8,1,0
BRDA:108,9,0,6
BRDA:108,9,1,2
BRDA:110,10,0,0
BRDA:110,10,1,6
BRDA:121,11,0,0
BRDA:121,11,1,8
BRDA:131,12,0,0
BRDA:131,12,1,8
BRDA:141,13,0,7
BRDA:141,13,1,1
BRDA:154,14,0,0
BRDA:154,14,1,8
BRDA:159,15,0,5
BRDA:159,15,1,3
BRDA:159,16,0,8
BRDA:159,16,1,6
BRDA:166,17,0,5
BRDA:166,17,1,0
BRDA:166,18,0,5
BRDA:166,18,1,0
BRDA:170,19,0,5
BRDA:170,19,1,3
BRDA:170,20,0,8
BRDA:170,20,1,6
BRDA:177,21,0,0
BRDA:177,21,1,0
BRDA:185,22,0,6
BRDA:185,22,1,2
BRDA:200,23,0,0
BRDA:200,23,1,0
BRDA:208,24,0,0
BRDA:208,24,1,8
BRDA:213,25,0,8
BRDA:213,25,1,8
BRDA:223,26,0,5
BRDA:223,26,1,3
BRDA:224,27,0,0
BRDA:224,27,1,8
BRDA:228,28,0,0
BRDA:228,28,1,8
BRDA:231,29,0,2
BRDA:231,29,1,6
BRDA:232,30,0,0
BRDA:232,30,1,8
BRDA:238,31,0,5
BRDA:238,31,1,3
BRDA:238,32,0,8
BRDA:238,32,1,6
BRDA:242,33,0,5
BRDA:242,33,1,0
BRDA:247,34,0,0
BRDA:247,34,1,5
BRDA:248,35,0,0
BRDA:248,35,1,0
BRDA:252,36,0,0
BRDA:252,36,1,0
BRDA:255,37,0,5
BRDA:255,37,1,0
BRDA:255,38,0,5
BRDA:255,38,1,5
BRDA:255,38,2,5
BRDA:258,39,0,0
BRDA:258,39,1,0
BRDA:260,40,0,0
BRDA:260,40,1,0
BRDA:271,41,0,5
BRDA:271,41,1,3
BRDA:271,42,0,8
BRDA:271,42,1,6
BRDA:277,43,0,5
BRDA:277,43,1,0
BRDA:286,44,0,3
BRDA:286,44,1,5
BRDA:286,45,0,8
BRDA:286,45,1,5
BRDA:286,45,2,4
BRDA:304,46,0,1
BRDA:304,46,1,0
BRDA:350,47,0,0
BRDA:350,47,1,8
BRDA:353,48,0,0
BRDA:353,48,1,8
BRDA:376,49,0,8
BRDA:376,49,1,0
BRDA:378,50,0,0
BRDA:378,50,1,8
BRDA:384,51,0,0
BRDA:384,51,1,0
BRDA:399,52,0,0
BRDA:399,52,1,0
BRDA:412,53,0,0
BRDA:412,53,1,8
BRDA:421,54,0,8
BRDA:421,54,1,0
BRDA:421,55,0,8
BRDA:421,55,1,8
BRDA:432,56,0,7
BRDA:432,56,1,0
BRDA:432,57,0,7
BRDA:432,57,1,7
BRDA:442,58,0,7
BRDA:442,58,1,0
BRDA:442,59,0,7
BRDA:442,59,1,7
BRDA:454,60,0,0
BRDA:454,60,1,0
BRDA:468,61,0,0
BRDA:468,61,1,7
BRDA:473,62,0,7
BRDA:473,62,1,0
BRDA:473,63,0,7
BRDA:473,63,1,7
BRDA:484,64,0,7
BRDA:484,64,1,0
BRDA:484,65,0,7
BRDA:484,65,1,7
BRDA:495,66,0,7
BRDA:495,66,1,0
BRDA:495,67,0,7
BRDA:495,67,1,7
BRDA:506,68,0,7
BRDA:506,68,1,0
BRDA:506,69,0,7
BRDA:506,69,1,7
BRDA:517,70,0,7
BRDA:517,70,1,0
BRDA:517,71,0,7
BRDA:517,71,1,7
BRDA:530,72,0,7
BRDA:530,72,1,0
BRDA:530,73,0,7
BRDA:530,73,1,7
BRDA:541,74,0,7
BRDA:541,74,1,0
BRDA:541,75,0,7
BRDA:541,75,1,7
BRDA:551,76,0,0
BRDA:551,76,1,7
BRDA:559,77,0,5
BRDA:559,77,1,2
BRDA:563,78,0,0
BRDA:563,78,1,5
BRDA:565,79,0,0
BRDA:565,79,1,0
BRDA:583,80,0,0
BRDA:583,80,1,7
BRDA:585,81,0,0
BRDA:585,81,1,8
BRDA:598,82,0,7
BRDA:598,82,1,7
BRDA:603,83,0,1
BRDA:603,83,1,0
BRDA:605,84,0,1
BRDA:605,84,1,0
BRDA:611,85,0,1
BRDA:611,85,1,0
BRDA:616,86,0,1
BRDA:616,86,1,1
BRDA:623,87,0,1
BRDA:623,87,1,1
BRDA:641,88,0,0
BRDA:641,88,1,0
BRDA:641,88,2,0
BRDA:641,88,3,0
BRDA:641,88,4,0
BRDA:641,88,5,0
BRDA:641,88,6,0
BRDA:641,88,7,0
BRDA:641,88,8,0
BRDA:641,88,9,0
BRDA:641,88,10,0
BRDA:641,88,11,0
BRDA:641,88,12,0
BRDA:641,88,13,0
BRDA:641,88,14,0
BRDA:641,88,15,0
BRDA:661,89,0,0
BRDA:661,89,1,0
BRDA:666,90,0,0
BRDA:666,90,1,0
BRDA:666,91,0,0
BRDA:666,91,1,0
BRDA:667,92,0,0
BRDA:667,92,1,0
BRDA:668,93,0,0
BRDA:668,93,1,0
BRDA:669,94,0,0
BRDA:669,94,1,0
BRDA:670,95,0,0
BRDA:670,95,1,0
BRDA:671,96,0,0
BRDA:671,96,1,0
BRDA:684,97,0,0
[...]
DA:98,11
DA:99,8
DA:100,2
DA:101,1
DA:102,5
DA:106,11
DA:112,11
DA:117,3
DA:118,9
DA:119,9
DA:122,9
DA:123,9
DA:129,9
DA:130,1
DA:139,8
DA:140,8
DA:142,8
DA:143,1
DA:144,1
DA:153,7
DA:156,7
DA:157,7
DA:164,9
DA:165,9
DA:172,9
DA:173,9
DA:175,9
DA:176,7
DA:177,7
DA:178,7
DA:179,7
DA:181,7
DA:182,7
DA:184,7
DA:185,1
DA:186,1
DA:187,6
DA:188,2
DA:189,1
DA:190,1
DA:192,1
DA:193,1
DA:195,4
DA:196,4
DA:197,4
DA:198,0
DA:199,0
DA:200,4
DA:201,1
DA:202,1
DA:203,3
DA:204,0
DA:205,0
DA:206,3
DA:207,3
DA:208,3
DA:210,0
DA:211,0
DA:214,0
DA:215,0
DA:218,7
DA:229,7
DA:247,3
DA:248,19
DA:249,19
DA:250,19
DA:251,19
DA:252,19
DA:255,19
DA:256,0
DA:257,0
DA:260,19
DA:261,19
DA:263,19
DA:264,1
DA:265,1
DA:268,18
DA:270,18
DA:271,18
DA:272,0
DA:276,18
DA:277,20
DA:278,20
DA:282,18
DA:283,11
DA:284,11
DA:285,11
DA:286,11
DA:287,11
DA:290,18
DA:292,18
DA:297,3
DA:304,20
DA:305,20
DA:307,20
DA:308,11
DA:311,20
DA:312,20
DA:315,20
DA:316,1
DA:326,19
DA:327,8
DA:329,8
DA:330,4
DA:332,4
DA:341,4
DA:347,4
DA:348,0
DA:358,4
DA:360,4
DA:361,1
DA:362,1
DA:365,4
DA:366,4
DA:372,15
DA:373,1
DA:383,14
DA:384,8
DA:386,8
DA:388,5
DA:389,5
DA:391,5
DA:392,2
DA:393,2
DA:396,5
DA:399,3
DA:401,0
DA:407,0
DA:408,0
DA:410,0
DA:414,0
DA:415,0
DA:416,0
DA:418,0
DA:419,0
DA:420,0
DA:423,0
DA:424,0
DA:426,0
DA:427,0
DA:438,0
DA:442,0
DA:452,0
DA:456,0
DA:466,3
DA:470,3
DA:481,11
DA:482,10
DA:484,10
DA:485,7
DA:486,7
DA:487,7
DA:490,7
DA:491,7
DA:492,7
DA:493,2
DA:497,7
DA:498,4
DA:499,4
DA:502,7
DA:506,7
DA:514,3
DA:518,3
DA:529,1
DA:530,1
DA:531,1
DA:532,20
DA:534,20
DA:535,20
DA:536,0
DA:537,1
DA:539,1
DA:550,3
DA:551,6
DA:553,3
DA:554,3
DA:555,3
DA:557,3
DA:558,4
DA:559,4
DA:560,4
DA:563,4
DA:564,6
DA:566,6
DA:567,4
DA:568,4
DA:571,2
DA:572,0
DA:573,1
DA:574,0
DA:575,1
DA:578,2
DA:579,2
DA:580,0
DA:583,2
DA:586,6
DA:587,0
DA:591,4
DA:592,4
DA:607,3
DA:612,3
DA:616,19
DA:618,20
DA:619,20
DA:620,20
DA:621,20
DA:622,20
DA:623,20
DA:624,20
DA:625,20
DA:626,20
DA:629,19
LF:249
LH:214
BRDA:38,0,0,0
BRDA:38,0,1,26
BRDA:40,1,0,46
BRDA:40,1,1,17
BRDA:42,2,0,17
BRDA:42,2,1,9
BRDA:52,3,0,44
BRDA:52,3,1,31
BRDA:56,4,0,7
BRDA:56,4,1,2
BRDA:56,4,2,2
BRDA:57,5,0,7
BRDA:57,5,1,2
BRDA:61,6,0,1
BRDA:61,6,1,18
BRDA:70,7,0,0
BRDA:70,7,1,11
BRDA:73,8,0,5
BRDA:73,8,1,6
BRDA:78,9,0,1
BRDA:78,9,1,5
BRDA:83,10,0,2
BRDA:83,10,1,3
BRDA:91,11,0,0
BRDA:91,11,1,11
BRDA:92,12,0,0
BRDA:92,12,1,11
BRDA:99,13,0,2
BRDA:99,13,1,1
BRDA:99,13,2,5
BRDA:126,14,0,8
BRDA:126,14,1,1
BRDA:129,15,0,1
BRDA:129,15,1,8
BRDA:142,16,0,1
BRDA:142,16,1,7
BRDA:160,17,0,1
BRDA:160,17,1,6
BRDA:168,18,0,3
BRDA:168,18,1,4
BRDA:176,19,0,7
BRDA:176,19,1,2
BRDA:176,19,2,2
BRDA:179,20,0,7
BRDA:179,20,1,2
BRDA:184,21,0,1
BRDA:184,21,1,6
BRDA:187,22,0,2
BRDA:187,22,1,4
BRDA:187,23,0,6
BRDA:187,23,1,2
BRDA:188,24,0,1
BRDA:188,24,1,1
BRDA:195,25,0,4
BRDA:195,25,1,0
BRDA:197,26,0,0
BRDA:197,26,1,4
BRDA:197,27,0,4
BRDA:197,27,1,1
BRDA:200,28,0,1
BRDA:200,28,1,3
BRDA:200,29,0,4
BRDA:200,29,1,1
BRDA:203,30,0,0
BRDA:203,30,1,3
BRDA:203,31,0,3
BRDA:203,31,1,3
BRDA:203,31,2,0
BRDA:206,32,0,3
BRDA:206,32,1,0
BRDA:206,33,0,3
BRDA:206,33,1,3
BRDA:250,34,0,2
BRDA:250,34,1,17
BRDA:255,35,0,0
BRDA:255,35,1,19
BRDA:263,36,0,1
BRDA:263,36,1,18
BRDA:271,37,0,0
BRDA:271,37,1,18
BRDA:271,38,0,18
BRDA:271,38,1,11
BRDA:282,39,0,11
BRDA:282,39,1,7
BRDA:307,40,0,11
BRDA:307,40,1,9
BRDA:311,41,0,20
BRDA:311,41,1,9
BRDA:312,42,0,20
BRDA:312,42,1,9
BRDA:315,43,0,1
BRDA:315,43,1,19
BRDA:320,44,0,1
BRDA:320,44,1,0
BRDA:326,45,0,8
BRDA:326,45,1,11
BRDA:326,46,0,19
BRDA:326,46,1,9
BRDA:329,47,0,4
BRDA:329,47,1,4
BRDA:347,48,0,0
BRDA:347,48,1,4
BRDA:360,49,0,1
BRDA:360,49,1,3
BRDA:372,50,0,1
BRDA:372,50,1,14
BRDA:383,51,0,8
BRDA:383,51,1,6
BRDA:386,52,0,5
BRDA:386,52,1,3
BRDA:391,53,0,2
BRDA:391,53,1,3
BRDA:392,54,0,2
BRDA:392,54,1,0
BRDA:399,55,0,0
BRDA:399,55,1,3
BRDA:399,56,0,3
BRDA:399,56,1,1
BRDA:407,57,0,0
BRDA:407,57,1,0
BRDA:414,58,0,0
BRDA:414,58,1,0
BRDA:414,59,0,0
BRDA:414,59,1,0
BRDA:418,60,0,0
BRDA:418,60,1,0
BRDA:423,61,0,0
BRDA:423,61,1,0
BRDA:426,62,0,0
BRDA:426,62,1,0
BRDA:481,63,0,10
BRDA:481,63,1,1
BRDA:481,64,0,11
BRDA:481,64,1,11
BRDA:484,65,0,7
BRDA:484,65,1,3
BRDA:490,66,0,7
BRDA:490,66,1,0
BRDA:492,67,0,2
BRDA:492,67,1,5
BRDA:497,68,0,4
BRDA:497,68,1,3
BRDA:498,69,0,4
BRDA:498,69,1,0
BRDA:531,70,0,1
BRDA:531,70,1,0
BRDA:532,71,0,20
BRDA:532,71,1,1
BRDA:535,72,0,0
BRDA:535,72,1,1
BRDA:535,73,0,0
BRDA:535,73,1,1
BRDA:551,74,0,3
BRDA:551,74,1,3
BRDA:564,75,0,6
BRDA:564,75,1,4
BRDA:564,75,2,4
BRDA:566,76,0,4
BRDA:566,76,1,2
BRDA:571,77,0,2
BRDA:571,77,1,1
BRDA:571,77,2,0
BRDA:571,77,3,1
BRDA:579,78,0,0
BRDA:579,78,1,2
BRDA:583,79,0,2
BRDA:583,79,1,2
BRDA:583,79,2,2
BRDA:586,80,0,0
BRDA:586,80,1,6
BRDA:586,81,0,6
BRDA:586,81,1,0
BRDA:586,81,2,0
BRDA:601,82,0,4
BRDA:601,82,1,0
BRF:175
BRH:137
end_of_record
TN:
SF:src\server\action-server.ts
FN:30,(anonymous_0)
FN:31,(anonymous_1)
FN:33,(anonymous_2)
FN:34,(anonymous_3)
FN:41,(anonymous_4)
FN:52,(anonymous_5)
FN:212,(anonymous_6)
FN:213,(anonymous_7)
FNF:8
FNH:8
FNDA:12,(anonymous_0)
FNDA:12,(anonymous_1)
FNDA:12,(anonymous_2)
FNDA:12,(anonymous_3)
FNDA:38,(anonymous_4)
FNDA:38,(anonymous_5)
FNDA:38,(anonymous_6)
FNDA:38,(anonymous_7)
DA:30,1
DA:31,12
DA:32,12
DA:33,12
DA:34,12
DA:35,12
DA:36,0
DA:38,12
DA:41,1
DA:42,38
DA:43,38
DA:46,38
DA:52,38
DA:53,38
DA:54,38
DA:57,38
DA:58,38
DA:66,38
DA:71,38
DA:78,38
DA:83,38
DA:84,38
DA:85,38
DA:86,38
DA:87,38
DA:89,38
DA:90,1
DA:91,1
DA:92,1
DA:93,1
DA:94,1
DA:97,37
DA:98,37
DA:99,6
DA:100,6
DA:101,6
DA:102,6
DA:103,6
DA:104,31
DA:105,3
DA:106,3
DA:107,28
DA:108,3
DA:109,25
DA:110,2
DA:111,23
DA:112,3
DA:113,0
DA:114,0
DA:115,0
DA:117,3
DA:118,3
DA:119,3
DA:120,3
DA:121,3
DA:123,3
DA:125,20
DA:126,2
DA:127,0
DA:128,0
DA:130,2
DA:131,2
DA:132,2
DA:133,2
DA:135,2
DA:137,18
DA:138,2
DA:139,2
DA:140,16
DA:141,1
DA:142,15
DA:143,3
DA:144,3
DA:145,12
DA:146,5
DA:147,0
DA:148,0
DA:150,5
DA:151,5
DA:152,7
DA:153,6
DA:154,0
DA:155,0
DA:157,6
DA:158,6
DA:159,6
DA:161,6
DA:163,1
DA:164,0
DA:165,0
DA:166,0
DA:168,0
DA:169,0
DA:170,0
DA:172,0
DA:173,0
DA:175,1
DA:176,0
DA:177,1
DA:178,0
DA:179,1
DA:180,0
DA:181,1
DA:182,0
DA:183,0
DA:184,1
DA:185,0
DA:186,0
DA:187,1
DA:188,0
DA:190,1
DA:191,1
DA:195,37
DA:196,37
DA:200,0
DA:207,0
DA:208,0
DA:212,38
DA:213,38
DA:215,38
DA:216,38
DA:217,38
DA:218,38
DA:219,38
DA:222,38
DA:228,38
LF:126
LH:97
BRDA:53,0,0,38
BRDA:53,0,1,0
BRDA:83,1,0,38
BRDA:83,1,1,38
BRDA:84,2,0,0
BRDA:84,2,1,38
BRDA:89,3,0,1
BRDA:89,3,1,37
BRDA:98,4,0,6
BRDA:98,4,1,31
BRDA:98,5,0,37
BRDA:98,5,1,6
BRDA:104,6,0,3
BRDA:104,6,1,28
BRDA:104,7,0,31
BRDA:104,7,1,3
BRDA:107,8,0,3
BRDA:107,8,1,25
BRDA:107,9,0,28
BRDA:107,9,1,3
BRDA:109,10,0,2
BRDA:109,10,1,23
BRDA:109,11,0,25
BRDA:109,11,1,2
BRDA:111,12,0,3
BRDA:111,12,1,20
BRDA:111,13,0,23
BRDA:111,13,1,3
BRDA:112,14,0,0
BRDA:112,14,1,3
BRDA:125,15,0,2
BRDA:125,15,1,18
BRDA:125,16,0,20
BRDA:125,16,1,2
BRDA:126,17,0,0
BRDA:126,17,1,2
BRDA:137,18,0,2
BRDA:137,18,1,16
BRDA:137,19,0,18
BRDA:137,19,1,2
BRDA:140,20,0,1
BRDA:140,20,1,15
BRDA:140,21,0,16
BRDA:140,21,1,1
BRDA:142,22,0,3
BRDA:142,22,1,12
BRDA:142,23,0,15
BRDA:142,23,1,3
BRDA:145,24,0,5
BRDA:145,24,1,7
BRDA:145,25,0,12
BRDA:145,25,1,5
BRDA:146,26,0,0
BRDA:146,26,1,5
BRDA:152,27,0,6
BRDA:152,27,1,1
BRDA:152,28,0,7
BRDA:152,28,1,6
BRDA:153,29,0,0
BRDA:153,29,1,6
BRDA:163,30,0,0
BRDA:163,30,1,1
BRDA:163,31,0,1
BRDA:163,31,1,0
BRDA:164,32,0,0
BRDA:164,32,1,0
BRDA:175,33,0,0
BRDA:175,33,1,1
BRDA:175,34,0,1
BRDA:175,34,1,0
BRDA:177,35,0,0
BRDA:177,35,1,1
BRDA:177,36,0,1
BRDA:177,36,1,0
BRDA:179,37,0,0
BRDA:179,37,1,1
BRDA:179,38,0,1
BRDA:179,38,1,0
BRDA:181,39,0,0
BRDA:181,39,1,1
BRDA:181,40,0,1
BRDA:181,40,1,0
BRDA:184,41,0,0
BRDA:184,41,1,1
BRDA:184,42,0,1
BRDA:184,42,1,0
BRDA:187,43,0,0
BRDA:187,43,1,1
BRDA:187,44,0,1
BRDA:187,44,1,0
BRF:90
BRH:68
end_of_record
TN:
SF:src\server\api-routes.ts
FN:35,(anonymous_0)
FN:43,(anonymous_1)
FN:52,(anonymous_2)
FN:57,(anonymous_3)
FN:65,(anonymous_4)
FN:76,(anonymous_5)
FN:95,(anonymous_6)
FN:106,(anonymous_7)
FN:113,(anonymous_8)
FN:120,(anonymous_9)
FN:147,(anonymous_10)
FN:166,(anonymous_11)
FN:167,(anonymous_12)
FN:172,(anonymous_13)
FN:199,(anonymous_14)
FN:235,(anonymous_15)
FN:244,(anonymous_16)
FN:274,(anonymous_17)
FN:284,(anonymous_18)
FN:325,(anonymous_19)
FN:335,(anonymous_20)
FN:365,(anonymous_21)
FN:375,(anonymous_22)
FN:380,(anonymous_23)
FN:396,(anonymous_24)
FN:406,(anonymous_25)
FN:442,(anonymous_26)
FN:450,(anonymous_27)
FN:462,(anonymous_28)
FN:503,(anonymous_29)
FN:518,(anonymous_30)
FNF:31
FNH:18
FNDA:25,(anonymous_0)
FNDA:24,(anonymous_1)
FNDA:3,(anonymous_2)
FNDA:3,(anonymous_3)
FNDA:2,(anonymous_4)
FNDA:2,(anonymous_5)
FNDA:2,(anonymous_6)
FNDA:1,(anonymous_7)
FNDA:3,(anonymous_8)
FNDA:5,(anonymous_9)
FNDA:3,(anonymous_10)
FNDA:3,(anonymous_11)
FNDA:3,(anonymous_12)
FNDA:6,(anonymous_13)
FNDA:4,(anonymous_14)
FNDA:20,(anonymous_15)
FNDA:3,(anonymous_16)
FNDA:6,(anonymous_17)
FNDA:0,(anonymous_18)
FNDA:0,(anonymous_19)
FNDA:0,(anonymous_20)
FNDA:0,(anonymous_21)
FNDA:0,(anonymous_22)
FNDA:0,(anonymous_23)
FNDA:0,(anonymous_24)
FNDA:0,(anonymous_25)
FNDA:0,(anonymous_26)
FNDA:0,(anonymous_27)
FNDA:0,(anonymous_28)
FNDA:0,(anonymous_29)
FNDA:0,(anonymous_30)
DA:35,1
DA:36,25
DA:40,25
DA:43,1
DA:44,24
DA:49,24
DA:52,1
DA:53,3
DA:54,3
DA:57,1
DA:58,3
DA:59,3
DA:60,3
DA:61,3
DA:62,3
DA:65,1
DA:66,2
DA:67,2
DA:68,1
DA:69,1
DA:71,1
DA:72,1
DA:73,1
DA:76,1
DA:81,2
DA:82,2
DA:83,1
DA:84,1
DA:86,1
DA:91,1
DA:92,1
DA:95,1
DA:96,2
DA:97,2
DA:98,2
DA:99,2
DA:103,2
DA:106,1
DA:107,1
DA:108,1
DA:109,1
DA:110,1
DA:113,1
DA:114,3
DA:115,3
DA:116,3
DA:117,3
DA:120,1
DA:125,5
DA:126,5
DA:127,5
DA:128,5
DA:129,5
DA:130,5
DA:132,5
DA:133,2
DA:134,2
DA:137,3
DA:138,3
DA:139,3
DA:141,3
DA:142,0
DA:143,0
DA:146,3
DA:147,3
DA:148,3
DA:149,0
DA:150,0
DA:153,3
DA:154,3
DA:155,3
DA:157,3
DA:158,3
DA:159,3
DA:160,3
DA:163,3
DA:166,3
DA:167,3
DA:169,3
DA:172,1
DA:177,6
DA:178,6
DA:179,6
DA:180,6
DA:181,6
DA:182,6
DA:184,6
DA:185,2
DA:186,2
DA:189,4
DA:190,4
DA:191,4
DA:193,4
DA:194,0
DA:195,0
DA:198,4
DA:199,4
DA:200,4
DA:201,0
DA:202,0
DA:205,4
DA:206,4
DA:207,4
DA:209,4
DA:211,4
DA:212,4
DA:213,4
DA:215,4
DA:216,4
DA:217,4
DA:218,0
DA:219,0
DA:222,4
DA:225,4
DA:226,4
DA:227,4
DA:229,4
DA:235,20
DA:240,4
DA:241,4
DA:244,1
DA:249,3
DA:250,3
DA:251,1
DA:252,1
DA:255,2
DA:256,2
DA:257,3
DA:260,3
DA:261,3
DA:263,3
DA:264,3
DA:266,3
DA:267,0
DA:268,0
DA:269,0
DA:273,2
DA:274,6
DA:276,2
DA:278,2
DA:279,2
DA:284,1
DA:289,0
DA:290,0
DA:291,0
DA:292,0
DA:293,0
DA:294,0
DA:295,0
DA:296,0
DA:298,0
DA:299,0
DA:300,0
DA:304,0
DA:307,0
DA:309,0
DA:310,0
DA:312,0
DA:313,0
DA:314,0
DA:321,0
DA:323,0
DA:324,0
DA:325,0
DA:326,0
DA:327,0
DA:328,0
DA:330,0
DA:331,0
DA:332,0
DA:333,0
DA:334,0
DA:335,0
DA:336,0
DA:337,0
DA:339,0
DA:340,0
DA:343,0
DA:345,0
DA:363,0
DA:364,0
DA:365,0
DA:370,0
DA:373,0
DA:375,0
DA:376,0
DA:377,0
DA:380,0
DA:382,0
DA:384,0
DA:385,0
DA:386,0
DA:388,0
DA:391,0
DA:392,0
DA:393,0
DA:396,1
DA:397,0
DA:398,0
DA:399,0
DA:400,0
DA:401,0
DA:403,0
DA:406,1
DA:411,0
DA:412,0
DA:413,0
DA:415,0
DA:416,0
DA:417,0
DA:420,0
DA:421,0
DA:434,0
DA:435,0
DA:436,0
DA:438,0
DA:442,1
DA:443,0
DA:448,1
DA:450,1
DA:451,0
DA:452,0
DA:453,0
DA:454,0
DA:456,0
DA:462,1
DA:467,0
DA:468,0
DA:469,0
DA:470,0
DA:471,0
DA:473,0
DA:479,0
DA:480,0
DA:482,0
DA:484,0
DA:494,0
DA:495,0
DA:496,0
DA:497,0
DA:500,0
DA:503,1
DA:507,0
DA:508,0
DA:509,0
DA:511,0
DA:512,0
DA:513,0
DA:516,0
DA:517,0
DA:518,0
LF:251
LH:136
BRDA:35,0,0,25
BRDA:58,1,0,3
BRDA:58,1,1,3
BRDA:61,2,0,3
BRDA:61,2,1,3
BRDA:67,3,0,1
BRDA:67,3,1,1
BRDA:82,4,0,1
BRDA:82,4,1,1
BRDA:96,5,0,2
BRDA:96,5,1,2
BRDA:114,6,0,3
BRDA:114,6,1,3
BRDA:129,7,0,5
BRDA:129,7,1,3
BRDA:132,8,0,2
BRDA:132,8,1,3
BRDA:132,9,0,5
BRDA:132,9,1,4
BRDA:141,10,0,0
BRDA:141,10,1,3
BRDA:148,11,0,0
BRDA:148,11,1,3
BRDA:159,12,0,0
BRDA:159,12,1,3
BRDA:160,13,0,1
BRDA:160,13,1,2
BRDA:181,14,0,6
BRDA:181,14,1,4
BRDA:182,15,0,6
BRDA:182,15,1,6
BRDA:184,16,0,2
BRDA:184,16,1,4
BRDA:184,17,0,6
BRDA:184,17,1,5
BRDA:193,18,0,0
BRDA:193,18,1,4
BRDA:200,19,0,0
BRDA:200,19,1,4
BRDA:217,20,0,0
BRDA:217,20,1,4
BRDA:222,21,0,2
BRDA:222,21,1,2
BRDA:250,22,0,1
BRDA:250,22,1,2
BRDA:256,23,0,2
BRDA:256,23,1,2
BRDA:257,24,0,3
BRDA:257,24,1,2
BRDA:266,25,0,0
BRDA:266,25,1,3
BRDA:266,26,0,3
BRDA:266,26,1,0
BRDA:266,26,2,0
BRDA:293,27,0,0
BRDA:293,27,1,0
BRDA:294,28,0,0
BRDA:294,28,1,0
BRDA:295,29,0,0
BRDA:295,29,1,0
BRDA:296,30,0,0
BRDA:296,30,1,0
BRDA:298,31,0,0
BRDA:298,31,1,0
BRDA:304,32,0,0
BRDA:304,32,1,0
BRDA:307,33,0,0
BRDA:307,33,1,0
BRDA:312,34,0,0
BRDA:312,34,1,0
BRDA:323,35,0,0
BRDA:323,35,1,0
BRDA:326,36,0,0
BRDA:326,36,1,0
BRDA:333,37,0,0
BRDA:333,37,1,0
BRDA:334,38,0,0
BRDA:334,38,1,0
BRDA:367,39,0,0
BRDA:367,39,1,0
BRDA:382,40,0,0
BRDA:382,40,1,0
BRDA:399,41,0,0
BRDA:399,41,1,0
BRDA:415,42,0,0
BRDA:415,42,1,0
BRDA:415,43,0,0
BRDA:415,43,1,0
BRDA:415,43,2,0
BRDA:438,44,0,0
BRDA:438,44,1,0
BRDA:451,45,0,0
BRDA:451,45,1,0
BRDA:482,46,0,0
BRDA:482,46,1,0
BRDA:494,47,0,0
BRDA:494,47,1,0
BRDA:494,48,0,0
BRDA:494,48,1,0
BRDA:511,49,0,0
BRDA:511,49,1,0
BRF:101
BRH:45
end_of_record
TN:
SF:src\server\dashboard-html.ts
FN:22,(anonymous_0)
FN:71,(anonymous_1)
FNF:2
FNH:1
FNDA:6,(anonymous_0)
FNDA:0,(anonymous_1)
DA:22,1
DA:23,6
DA:24,6
DA:25,6
DA:27,6
DA:29,6
DA:30,6
DA:31,6
DA:32,6
DA:34,6
DA:39,6
DA:40,6
DA:41,6
DA:42,6
DA:46,6
DA:56,6
DA:62,6
DA:70,6
DA:71,6
DA:73,6
DA:92,6
DA:93,6
DA:94,0
DA:95,0
DA:103,6
DA:104,6
DA:107,6
DA:109,6
LF:28
LH:26
BRDA:42,0,0,0
BRDA:42,0,1,6
BRDA:70,1,0,0
BRDA:70,1,1,6
BRDA:75,2,0,6
BRDA:75,2,1,6
BRDA:94,3,0,0
BRDA:94,3,1,0
BRF:8
BRH:4
end_of_record
TN:
SF:src\server\gap-report.ts
FN:33,(anonymous_0)
FN:38,(anonymous_1)
FN:77,(anonymous_2)
FNF:3
FNH:2
FNDA:3,(anonymous_0)
FNDA:5,(anonymous_1)
FNDA:0,(anonymous_2)
DA:33,1
DA:34,3
DA:35,0
DA:38,5
DA:39,3
DA:40,3
DA:41,3
DA:42,3
DA:44,3
DA:45,2
DA:46,2
DA:47,2
DA:49,1
DA:50,1
DA:51,1
DA:53,1
DA:54,1
DA:55,1
DA:57,1
DA:58,1
DA:59,1
DA:61,1
DA:62,1
DA:63,1
DA:65,1
DA:66,0
DA:67,0
DA:70,1
DA:71,1
DA:72,1
DA:74,1
DA:77,3
DA:79,3
DA:80,3
DA:82,3
LF:35
LH:32
BRDA:34,0,0,0
BRDA:34,0,1,3
BRDA:46,1,0,0
BRDA:46,1,1,2
BRDA:46,2,0,2
BRDA:46,2,1,0
BRDA:47,3,0,1
BRDA:47,3,1,1
BRDA:55,4,0,0
BRDA:55,4,1,1
BRDA:59,5,0,0
BRDA:59,5,1,1
BRDA:63,6,0,0
BRDA:63,6,1,1
BRDA:67,7,0,0
BRDA:67,7,1,0
BRDA:70,8,0,1
BRDA:70,8,1,0
BRDA:80,9,0,1
BRDA:80,9,1,2
BRF:20
BRH:11
end_of_record
TN:
SF:src\server\migrate-state.ts
FN:39,(anonymous_0)
FN:41,(anonymous_1)
FN:58,(anonymous_2)
FN:77,(anonymous_3)
FNF:4
FNH:4
FNDA:14,(anonymous_0)
FNDA:25,(anonymous_1)
FNDA:521,(anonymous_2)
FNDA:14,(anonymous_3)
DA:22,2
DA:24,2
DA:39,14
DA:41,2
DA:42,25
DA:58,2
DA:59,521
DA:60,10
DA:62,521
DA:64,521
DA:65,521
DA:66,3
DA:68,521
DA:69,1
DA:71,521
DA:72,2
DA:73,2
DA:77,2
DA:78,14
LF:19
LH:19
BRDA:41,0,0,25
BRDA:41,1,0,25
BRDA:59,2,0,10
BRDA:59,2,1,511
BRDA:65,3,0,3
BRDA:65,3,1,518
BRDA:68,4,0,1
BRDA:68,4,1,520
BRDA:71,5,0,2
BRDA:71,5,1,519
BRDA:72,6,0,2
BRDA:72,6,1,0
BRDA:73,7,0,1
BRDA:73,7,1,1
BRF:14
BRH:13
end_of_record
TN:
SF:src\server\sse-stream.ts
FN:22,(anonymous_0)
FN:27,(anonymous_1)
FN:36,(anonymous_2)
FN:41,(anonymous_3)
FN:42,(anonymous_4)
FNF:5
FNH:4
FNDA:6,(anonymous_0)
FNDA:6,(anonymous_1)
FNDA:0,(anonymous_2)
FNDA:22,(anonymous_3)
FNDA:6,(anonymous_4)
DA:14,1
DA:16,1
DA:22,1
DA:23,6
DA:24,6
DA:27,1
DA:28,6
DA:36,6
DA:37,0
DA:40,6
DA:41,22
DA:43,6
DA:44,6
DA:45,6
LF:14
LH:13
BRDA:23,0,0,6
BRDA:23,0,1,6
BRDA:24,1,0,0
BRDA:24,1,1,6
BRF:4
BRH:3
end_of_record
TN:
SF:src\server\verify-contracts.ts
FN:24,(anonymous_0)
FN:32,(anonymous_1)
FN:34,(anonymous_2)
FNF:3
FNH:3
FNDA:7,(anonymous_0)
FNDA:14,(anonymous_1)
FNDA:5,(anonymous_2)
DA:24,2
DA:25,7
DA:26,7
DA:28,7
DA:29,0
DA:32,14
DA:33,7
DA:34,5
DA:37,7
DA:38,7
DA:39,7
DA:41,7
DA:42,7
DA:43,7
DA:44,7
DA:46,7
DA:48,7
DA:49,0
DA:50,0
DA:51,0
DA:54,7
DA:55,0
DA:56,0
DA:59,7
DA:60,7
DA:62,7
DA:63,2
DA:65,7
DA:66,2
DA:68,7
DA:69,2
DA:71,7
DA:72,0
DA:75,7
DA:76,1
DA:77,1
DA:79,6
DA:80,5
DA:81,5
DA:82,5
DA:84,6
DA:85,6
DA:89,7
LF:43
LH:36
BRDA:25,0,0,7
BRDA:25,0,1,5
BRDA:28,1,0,0
BRDA:28,1,1,7
BRDA:33,2,0,5
BRDA:33,2,1,2
BRDA:46,3,0,0
BRDA:46,3,1,7
BRDA:46,4,0,7
BRDA:46,4,1,5
BRDA:48,5,0,0
BRDA:48,5,1,7
BRDA:54,6,0,0
BRDA:54,6,1,7
BRDA:63,7,0,1
BRDA:63,7,1,1
BRDA:66,8,0,1
BRDA:66,8,1,1
BRDA:69,9,0,1
BRDA:69,9,1,1
BRDA:72,10,0,0
BRDA:72,10,1,0
BRDA:75,11,0,1
BRDA:75,11,1,6
BRDA:79,12,0,5
BRDA:79,12,1,1
BRF:26
BRH:20
end_of_record
TN:
SF:src\utils\logger.ts
FN:57,(anonymous_0)
FN:70,(anonymous_1)
FN:79,(anonymous_2)
FN:95,(anonymous_3)
FNF:4
FNH:4
FNDA:177,(anonymous_0)
FNDA:52,(anonymous_1)
FNDA:51,(anonymous_2)
FNDA:2,(anonymous_3)
DA:11,5
DA:12,5
DA:14,5
DA:57,177
DA:70,5
DA:74,52
DA:75,52
DA:77,52
DA:79,52
DA:80,51
DA:81,51
DA:95,5
DA:100,2
DA:101,2
LF:14
LH:14
BRDA:12,0,0,5
BRDA:12,0,1,5
BRDA:12,1,0,5
BRDA:12,1,1,0
BRDA:33,2,0,5
BRDA:33,2,1,0
BRF:6
BRH:4
end_of_record
TN:
SF:src\verifiers\expression-coverage-types.ts
FNF:0
FNH:0
DA:88,1
LF:1
LH:1
BRF:0
BRH:0
end_of_record
TN:
SF:src\verifiers\expression-extractor.ts
FN:26,(anonymous_0)
FN:59,(anonymous_1)
FN:84,(anonymous_2)
FN:96,(anonymous_3)
FN:117,(anonymous_4)
FN:130,(anonymous_5)
FN:131,(anonymous_6)
FN:155,(anonymous_7)
FN:174,(anonymous_8)
FNF:9
FNH:0
FNDA:0,(anonymous_0)
FNDA:0,(anonymous_1)
FNDA:0,(anonymous_2)
FNDA:0,(anonymous_3)
FNDA:0,(anonymous_4)
FNDA:0,(anonymous_5)
FNDA:0,(anonymous_6)
FNDA:0,(anonymous_7)
FNDA:0,(anonymous_8)
DA:16,0
DA:26,0
DA:30,0
DA:33,0
DA:34,0
DA:36,0
DA:37,0
DA:38,0
DA:41,0
DA:42,0
DA:46,0
DA:53,0
DA:59,0
DA:65,0
DA:68,0
DA:70,0
DA:84,0
DA:85,0
DA:86,0
DA:89,0
DA:90,0
DA:96,0
DA:97,0
DA:98,0
DA:101,0
DA:102,0
DA:117,0
DA:121,0
DA:123,0
DA:124,0
DA:125,0
DA:128,0
DA:130,0
DA:131,0
DA:133,0
DA:135,0
DA:136,0
DA:137,0
DA:138,0
DA:141,0
DA:142,0
DA:143,0
DA:146,0
DA:147,0
DA:150,0
DA:154,0
DA:155,0
DA:159,0
DA:164,0
DA:174,0
DA:175,0
DA:176,0
DA:177,0
DA:178,0
DA:181,0
LF:55
LH:0
BRDA:36,0,0,0
BRDA:36,0,1,0
BRDA:36,1,0,0
BRDA:36,1,1,0
BRDA:78,2,0,0
BRDA:78,2,1,0
BRDA:85,3,0,0
BRDA:85,3,1,0
BRDA:91,4,0,0
BRDA:91,4,1,0
BRDA:92,5,0,0
BRDA:92,5,1,0
BRDA:97,6,0,0
BRDA:97,6,1,0
BRDA:103,7,0,0
BRDA:103,7,1,0
BRDA:104,8,0,0
BRDA:104,8,1,0
BRDA:123,9,0,0
BRDA:123,9,1,0
BRDA:141,10,0,0
BRDA:141,10,1,0
BRDA:141,11,0,0
BRDA:141,11,1,0
BRDA:141,11,2,0
BRDA:177,12,0,0
BRDA:177,12,1,0
BRDA:177,13,0,0
BRDA:177,13,1,0
BRF:29
BRH:0
end_of_record
TN:
SF:src\verifiers\expression-verifier.ts
FN:30,(anonymous_0)
FN:87,(anonymous_1)
FN:109,(anonymous_2)
FN:177,(anonymous_3)
FN:200,(anonymous_4)
FN:235,(anonymous_5)
FN:236,(anonymous_6)
FN:237,(anonymous_7)
FNF:8
FNH:1
FNDA:5,(anonymous_0)
FNDA:0,(anonymous_1)
FNDA:0,(anonymous_2)
FNDA:0,(anonymous_3)
FNDA:0,(anonymous_4)
FNDA:0,(anonymous_5)
FNDA:0,(anonymous_6)
FNDA:0,(anonymous_7)
DA:20,1
DA:30,1
DA:35,5
DA:38,5
DA:39,1
DA:40,1
DA:43,4
DA:44,4
DA:45,1
DA:46,1
DA:47,1
DA:51,3
DA:52,1
DA:53,1
DA:56,2
DA:57,2
DA:58,1
DA:59,1
DA:60,1
DA:64,1
DA:65,0
DA:66,0
DA:67,0
DA:68,0
DA:69,0
DA:74,1
DA:75,1
DA:76,1
DA:78,1
DA:80,1
DA:87,1
DA:88,0
DA:90,0
DA:95,0
DA:97,0
DA:98,0
DA:109,1
DA:115,0
DA:120,0
DA:126,0
DA:127,0
DA:129,0
DA:130,0
DA:134,0
DA:135,0
DA:137,0
DA:147,0
DA:149,0
DA:163,0
DA:171,0
DA:177,1
DA:178,0
DA:180,0
DA:181,0
DA:183,0
DA:184,0
DA:186,0
DA:187,0
DA:190,0
DA:200,1
DA:206,0
DA:208,0
DA:213,0
DA:215,0
DA:216,0
DA:217,0
DA:219,0
DA:220,0
DA:221,0
DA:224,0
DA:225,0
DA:226,0
DA:228,0
DA:232,0
DA:235,0
DA:236,0
DA:237,0
DA:238,0
DA:242,0
DA:243,0
DA:245,0
DA:255,0
LF:82
LH:29
BRDA:33,0,0,5
BRDA:38,1,0,1
BRDA:38,1,1,4
BRDA:38,2,0,5
BRDA:38,2,1,4
BRDA:44,3,0,1
BRDA:44,3,1,3
BRDA:51,4,0,1
BRDA:51,4,1,2
BRDA:51,5,0,3
BRDA:51,5,1,2
BRDA:57,6,0,1
BRDA:57,6,1,1
BRDA:64,7,0,0
BRDA:64,7,1,1
BRDA:66,8,0,0
BRDA:66,8,1,0
BRDA:123,9,0,0
BRDA:123,9,1,0
BRDA:134,10,0,0
BRDA:134,10,1,0
BRDA:153,11,0,0
BRDA:153,11,1,0
BRDA:178,12,0,0
BRDA:178,12,1,0
BRDA:180,13,0,0
BRDA:180,13,1,0
BRDA:183,14,0,0
BRDA:183,14,1,0
BRDA:186,15,0,0
BRDA:186,15,1,0
BRDA:210,16,0,0
BRDA:210,16,1,0
BRDA:219,17,0,0
BRDA:219,17,1,0
BRDA:219,18,0,0
BRDA:219,18,1,0
BRDA:238,19,0,0
BRDA:238,19,1,0
BRDA:242,20,0,0
BRDA:242,20,1,0
BRF:41
BRH:14
end_of_record
